{"C:\\sts\\projects\\ando\\src\\hooks\\createSupabaseCRUD.ts": {"path":"C:\\sts\\projects\\ando\\src\\hooks\\createSupabaseCRUD.ts","all":false,"statementMap":{"0":{"start":{"line":1,"column":0},"end":{"line":1,"column":95}},"39":{"start":{"line":40,"column":0},"end":{"line":40,"column":3}},"61":{"start":{"line":62,"column":0},"end":{"line":62,"column":3}},"62":{"start":{"line":63,"column":0},"end":{"line":63,"column":35}},"66":{"start":{"line":67,"column":0},"end":{"line":67,"column":66}},"67":{"start":{"line":68,"column":0},"end":{"line":68,"column":9}},"68":{"start":{"line":69,"column":0},"end":{"line":69,"column":14}},"69":{"start":{"line":70,"column":0},"end":{"line":70,"column":13}},"70":{"start":{"line":71,"column":0},"end":{"line":71,"column":13}},"71":{"start":{"line":72,"column":0},"end":{"line":72,"column":12}},"72":{"start":{"line":73,"column":0},"end":{"line":73,"column":13}},"74":{"start":{"line":75,"column":0},"end":{"line":75,"column":5}},"76":{"start":{"line":77,"column":0},"end":{"line":77,"column":5}},"77":{"start":{"line":78,"column":0},"end":{"line":78,"column":71}},"78":{"start":{"line":79,"column":0},"end":{"line":79,"column":33}},"79":{"start":{"line":80,"column":0},"end":{"line":80,"column":27}},"80":{"start":{"line":81,"column":0},"end":{"line":81,"column":28}},"81":{"start":{"line":82,"column":0},"end":{"line":82,"column":57}},"83":{"start":{"line":84,"column":0},"end":{"line":84,"column":22}},"84":{"start":{"line":85,"column":0},"end":{"line":85,"column":88}},"85":{"start":{"line":86,"column":0},"end":{"line":86,"column":9}},"87":{"start":{"line":88,"column":0},"end":{"line":88,"column":44}},"89":{"start":{"line":90,"column":0},"end":{"line":90,"column":31}},"90":{"start":{"line":91,"column":0},"end":{"line":91,"column":27}},"91":{"start":{"line":92,"column":0},"end":{"line":92,"column":8}},"92":{"start":{"line":93,"column":0},"end":{"line":93,"column":17}},"93":{"start":{"line":94,"column":0},"end":{"line":94,"column":7}},"94":{"start":{"line":95,"column":0},"end":{"line":95,"column":4}},"96":{"start":{"line":97,"column":0},"end":{"line":97,"column":5}},"98":{"start":{"line":99,"column":0},"end":{"line":99,"column":5}},"99":{"start":{"line":100,"column":0},"end":{"line":100,"column":27}},"100":{"start":{"line":101,"column":0},"end":{"line":101,"column":41}},"102":{"start":{"line":103,"column":0},"end":{"line":103,"column":47}},"103":{"start":{"line":104,"column":0},"end":{"line":104,"column":35}},"104":{"start":{"line":105,"column":0},"end":{"line":105,"column":46}},"105":{"start":{"line":106,"column":0},"end":{"line":106,"column":26}},"106":{"start":{"line":107,"column":0},"end":{"line":107,"column":50}},"107":{"start":{"line":108,"column":0},"end":{"line":108,"column":19}},"108":{"start":{"line":109,"column":0},"end":{"line":109,"column":20}},"110":{"start":{"line":111,"column":0},"end":{"line":111,"column":31}},"111":{"start":{"line":112,"column":0},"end":{"line":112,"column":25}},"112":{"start":{"line":113,"column":0},"end":{"line":113,"column":8}},"113":{"start":{"line":114,"column":0},"end":{"line":114,"column":24}},"114":{"start":{"line":115,"column":0},"end":{"line":115,"column":64}},"115":{"start":{"line":116,"column":0},"end":{"line":116,"column":40}},"116":{"start":{"line":117,"column":0},"end":{"line":117,"column":8}},"117":{"start":{"line":118,"column":0},"end":{"line":118,"column":27}},"118":{"start":{"line":119,"column":0},"end":{"line":119,"column":35}},"119":{"start":{"line":120,"column":0},"end":{"line":120,"column":8}},"120":{"start":{"line":121,"column":0},"end":{"line":121,"column":7}},"121":{"start":{"line":122,"column":0},"end":{"line":122,"column":4}},"123":{"start":{"line":124,"column":0},"end":{"line":124,"column":5}},"125":{"start":{"line":126,"column":0},"end":{"line":126,"column":5}},"126":{"start":{"line":127,"column":0},"end":{"line":127,"column":27}},"127":{"start":{"line":128,"column":0},"end":{"line":128,"column":41}},"129":{"start":{"line":130,"column":0},"end":{"line":130,"column":64}},"130":{"start":{"line":131,"column":0},"end":{"line":131,"column":49}},"131":{"start":{"line":132,"column":0},"end":{"line":132,"column":46}},"132":{"start":{"line":133,"column":0},"end":{"line":133,"column":26}},"133":{"start":{"line":134,"column":0},"end":{"line":134,"column":53}},"134":{"start":{"line":135,"column":0},"end":{"line":135,"column":23}},"135":{"start":{"line":136,"column":0},"end":{"line":136,"column":19}},"136":{"start":{"line":137,"column":0},"end":{"line":137,"column":20}},"138":{"start":{"line":139,"column":0},"end":{"line":139,"column":31}},"139":{"start":{"line":140,"column":0},"end":{"line":140,"column":25}},"140":{"start":{"line":141,"column":0},"end":{"line":141,"column":8}},"141":{"start":{"line":142,"column":0},"end":{"line":142,"column":24}},"142":{"start":{"line":143,"column":0},"end":{"line":143,"column":64}},"143":{"start":{"line":144,"column":0},"end":{"line":144,"column":40}},"144":{"start":{"line":145,"column":0},"end":{"line":145,"column":8}},"145":{"start":{"line":146,"column":0},"end":{"line":146,"column":27}},"146":{"start":{"line":147,"column":0},"end":{"line":147,"column":35}},"147":{"start":{"line":148,"column":0},"end":{"line":148,"column":8}},"148":{"start":{"line":149,"column":0},"end":{"line":149,"column":7}},"149":{"start":{"line":150,"column":0},"end":{"line":150,"column":4}},"151":{"start":{"line":152,"column":0},"end":{"line":152,"column":5}},"153":{"start":{"line":154,"column":0},"end":{"line":154,"column":5}},"154":{"start":{"line":155,"column":0},"end":{"line":155,"column":27}},"155":{"start":{"line":156,"column":0},"end":{"line":156,"column":41}},"157":{"start":{"line":158,"column":0},"end":{"line":158,"column":45}},"158":{"start":{"line":159,"column":0},"end":{"line":159,"column":33}},"159":{"start":{"line":160,"column":0},"end":{"line":160,"column":40}},"160":{"start":{"line":161,"column":0},"end":{"line":161,"column":26}},"161":{"start":{"line":162,"column":0},"end":{"line":162,"column":19}},"162":{"start":{"line":163,"column":0},"end":{"line":163,"column":24}},"164":{"start":{"line":165,"column":0},"end":{"line":165,"column":31}},"165":{"start":{"line":166,"column":0},"end":{"line":166,"column":8}},"166":{"start":{"line":167,"column":0},"end":{"line":167,"column":24}},"167":{"start":{"line":168,"column":0},"end":{"line":168,"column":64}},"168":{"start":{"line":169,"column":0},"end":{"line":169,"column":40}},"169":{"start":{"line":170,"column":0},"end":{"line":170,"column":8}},"170":{"start":{"line":171,"column":0},"end":{"line":171,"column":27}},"171":{"start":{"line":172,"column":0},"end":{"line":172,"column":35}},"172":{"start":{"line":173,"column":0},"end":{"line":173,"column":8}},"173":{"start":{"line":174,"column":0},"end":{"line":174,"column":7}},"174":{"start":{"line":175,"column":0},"end":{"line":175,"column":4}},"176":{"start":{"line":177,"column":0},"end":{"line":177,"column":10}},"177":{"start":{"line":178,"column":0},"end":{"line":178,"column":12}},"178":{"start":{"line":179,"column":0},"end":{"line":179,"column":14}},"179":{"start":{"line":180,"column":0},"end":{"line":180,"column":14}},"180":{"start":{"line":181,"column":0},"end":{"line":181,"column":14}},"181":{"start":{"line":182,"column":0},"end":{"line":182,"column":4}},"182":{"start":{"line":183,"column":0},"end":{"line":183,"column":1}}},"s":{"0":1,"39":1,"61":1,"62":1,"66":46,"67":46,"68":46,"69":46,"70":46,"71":46,"72":46,"74":46,"76":46,"77":46,"78":67,"79":67,"80":67,"81":40,"83":40,"84":39,"85":39,"87":40,"89":40,"90":34,"91":34,"92":67,"93":67,"94":67,"96":46,"98":46,"99":46,"100":37,"102":37,"103":37,"104":31,"105":31,"106":31,"107":31,"108":31,"110":31,"111":25,"112":25,"113":37,"114":25,"115":25,"116":25,"117":37,"118":6,"119":6,"120":37,"121":37,"123":46,"125":46,"126":46,"127":37,"129":37,"130":37,"131":25,"132":25,"133":25,"134":25,"135":25,"136":25,"138":25,"139":21,"140":21,"141":37,"142":21,"143":21,"144":21,"145":37,"146":4,"147":4,"148":37,"149":37,"151":46,"153":46,"154":46,"155":25,"157":25,"158":25,"159":17,"160":17,"161":17,"162":17,"164":17,"165":17,"166":25,"167":11,"168":11,"169":11,"170":25,"171":6,"172":6,"173":25,"174":25,"176":46,"177":46,"178":46,"179":46,"180":46,"181":46,"182":46},"branchMap":{"0":{"type":"branch","line":63,"loc":{"start":{"line":63,"column":7},"end":{"line":183,"column":1}},"locations":[{"start":{"line":63,"column":7},"end":{"line":183,"column":1}}]},"1":{"type":"branch","line":78,"loc":{"start":{"line":78,"column":18},"end":{"line":95,"column":4}},"locations":[{"start":{"line":78,"column":18},"end":{"line":95,"column":4}}]},"2":{"type":"branch","line":81,"loc":{"start":{"line":81,"column":15},"end":{"line":92,"column":8}},"locations":[{"start":{"line":81,"column":15},"end":{"line":92,"column":8}}]},"3":{"type":"branch","line":84,"loc":{"start":{"line":84,"column":21},"end":{"line":86,"column":9}},"locations":[{"start":{"line":84,"column":21},"end":{"line":86,"column":9}}]},"4":{"type":"branch","line":85,"loc":{"start":{"line":85,"column":76},"end":{"line":85,"column":85}},"locations":[{"start":{"line":85,"column":76},"end":{"line":85,"column":85}}]},"5":{"type":"branch","line":90,"loc":{"start":{"line":90,"column":19},"end":{"line":90,"column":31}},"locations":[{"start":{"line":90,"column":19},"end":{"line":90,"column":31}}]},"6":{"type":"branch","line":90,"loc":{"start":{"line":90,"column":25},"end":{"line":92,"column":8}},"locations":[{"start":{"line":90,"column":25},"end":{"line":92,"column":8}}]},"7":{"type":"branch","line":100,"loc":{"start":{"line":100,"column":20},"end":{"line":122,"column":4}},"locations":[{"start":{"line":100,"column":20},"end":{"line":122,"column":4}}]},"8":{"type":"branch","line":104,"loc":{"start":{"line":104,"column":18},"end":{"line":113,"column":8}},"locations":[{"start":{"line":104,"column":18},"end":{"line":113,"column":8}}]},"9":{"type":"branch","line":111,"loc":{"start":{"line":111,"column":19},"end":{"line":111,"column":31}},"locations":[{"start":{"line":111,"column":19},"end":{"line":111,"column":31}}]},"10":{"type":"branch","line":111,"loc":{"start":{"line":111,"column":25},"end":{"line":113,"column":8}},"locations":[{"start":{"line":111,"column":25},"end":{"line":113,"column":8}}]},"11":{"type":"branch","line":114,"loc":{"start":{"line":114,"column":17},"end":{"line":117,"column":8}},"locations":[{"start":{"line":114,"column":17},"end":{"line":117,"column":8}}]},"12":{"type":"branch","line":118,"loc":{"start":{"line":118,"column":15},"end":{"line":120,"column":8}},"locations":[{"start":{"line":118,"column":15},"end":{"line":120,"column":8}}]},"13":{"type":"branch","line":127,"loc":{"start":{"line":127,"column":20},"end":{"line":150,"column":4}},"locations":[{"start":{"line":127,"column":20},"end":{"line":150,"column":4}}]},"14":{"type":"branch","line":131,"loc":{"start":{"line":131,"column":18},"end":{"line":141,"column":8}},"locations":[{"start":{"line":131,"column":18},"end":{"line":141,"column":8}}]},"15":{"type":"branch","line":139,"loc":{"start":{"line":139,"column":19},"end":{"line":139,"column":31}},"locations":[{"start":{"line":139,"column":19},"end":{"line":139,"column":31}}]},"16":{"type":"branch","line":139,"loc":{"start":{"line":139,"column":25},"end":{"line":141,"column":8}},"locations":[{"start":{"line":139,"column":25},"end":{"line":141,"column":8}}]},"17":{"type":"branch","line":142,"loc":{"start":{"line":142,"column":17},"end":{"line":145,"column":8}},"locations":[{"start":{"line":142,"column":17},"end":{"line":145,"column":8}}]},"18":{"type":"branch","line":146,"loc":{"start":{"line":146,"column":15},"end":{"line":148,"column":8}},"locations":[{"start":{"line":146,"column":15},"end":{"line":148,"column":8}}]},"19":{"type":"branch","line":155,"loc":{"start":{"line":155,"column":20},"end":{"line":175,"column":4}},"locations":[{"start":{"line":155,"column":20},"end":{"line":175,"column":4}}]},"20":{"type":"branch","line":159,"loc":{"start":{"line":159,"column":18},"end":{"line":166,"column":8}},"locations":[{"start":{"line":159,"column":18},"end":{"line":166,"column":8}}]},"21":{"type":"branch","line":165,"loc":{"start":{"line":165,"column":19},"end":{"line":165,"column":31}},"locations":[{"start":{"line":165,"column":19},"end":{"line":165,"column":31}}]},"22":{"type":"branch","line":167,"loc":{"start":{"line":167,"column":17},"end":{"line":170,"column":8}},"locations":[{"start":{"line":167,"column":17},"end":{"line":170,"column":8}}]},"23":{"type":"branch","line":171,"loc":{"start":{"line":171,"column":15},"end":{"line":173,"column":8}},"locations":[{"start":{"line":171,"column":15},"end":{"line":173,"column":8}}]}},"b":{"0":[46],"1":[67],"2":[40],"3":[39],"4":[0],"5":[6],"6":[34],"7":[37],"8":[31],"9":[6],"10":[25],"11":[25],"12":[6],"13":[37],"14":[25],"15":[4],"16":[21],"17":[21],"18":[4],"19":[25],"20":[17],"21":[6],"22":[11],"23":[6]},"fnMap":{"0":{"name":"createSupabaseCRUD","decl":{"start":{"line":63,"column":7},"end":{"line":183,"column":1}},"loc":{"start":{"line":63,"column":7},"end":{"line":183,"column":1}},"line":63},"1":{"name":"useList","decl":{"start":{"line":78,"column":18},"end":{"line":95,"column":4}},"loc":{"start":{"line":78,"column":18},"end":{"line":95,"column":4}},"line":78},"2":{"name":"queryFn","decl":{"start":{"line":81,"column":15},"end":{"line":92,"column":8}},"loc":{"start":{"line":81,"column":15},"end":{"line":92,"column":8}},"line":81},"3":{"name":"useCreate","decl":{"start":{"line":100,"column":20},"end":{"line":122,"column":4}},"loc":{"start":{"line":100,"column":20},"end":{"line":122,"column":4}},"line":100},"4":{"name":"mutationFn","decl":{"start":{"line":104,"column":18},"end":{"line":113,"column":8}},"loc":{"start":{"line":104,"column":18},"end":{"line":113,"column":8}},"line":104},"5":{"name":"onSuccess","decl":{"start":{"line":114,"column":17},"end":{"line":117,"column":8}},"loc":{"start":{"line":114,"column":17},"end":{"line":117,"column":8}},"line":114},"6":{"name":"onError","decl":{"start":{"line":118,"column":15},"end":{"line":120,"column":8}},"loc":{"start":{"line":118,"column":15},"end":{"line":120,"column":8}},"line":118},"7":{"name":"useUpdate","decl":{"start":{"line":127,"column":20},"end":{"line":150,"column":4}},"loc":{"start":{"line":127,"column":20},"end":{"line":150,"column":4}},"line":127},"8":{"name":"mutationFn","decl":{"start":{"line":131,"column":18},"end":{"line":141,"column":8}},"loc":{"start":{"line":131,"column":18},"end":{"line":141,"column":8}},"line":131},"9":{"name":"onSuccess","decl":{"start":{"line":142,"column":17},"end":{"line":145,"column":8}},"loc":{"start":{"line":142,"column":17},"end":{"line":145,"column":8}},"line":142},"10":{"name":"onError","decl":{"start":{"line":146,"column":15},"end":{"line":148,"column":8}},"loc":{"start":{"line":146,"column":15},"end":{"line":148,"column":8}},"line":146},"11":{"name":"useDelete","decl":{"start":{"line":155,"column":20},"end":{"line":175,"column":4}},"loc":{"start":{"line":155,"column":20},"end":{"line":175,"column":4}},"line":155},"12":{"name":"mutationFn","decl":{"start":{"line":159,"column":18},"end":{"line":166,"column":8}},"loc":{"start":{"line":159,"column":18},"end":{"line":166,"column":8}},"line":159},"13":{"name":"onSuccess","decl":{"start":{"line":167,"column":17},"end":{"line":170,"column":8}},"loc":{"start":{"line":167,"column":17},"end":{"line":170,"column":8}},"line":167},"14":{"name":"onError","decl":{"start":{"line":171,"column":15},"end":{"line":173,"column":8}},"loc":{"start":{"line":171,"column":15},"end":{"line":173,"column":8}},"line":171}},"f":{"0":46,"1":67,"2":40,"3":37,"4":31,"5":25,"6":6,"7":37,"8":25,"9":21,"10":4,"11":25,"12":17,"13":11,"14":6}}
,"C:\\sts\\projects\\ando\\src\\hooks\\use-toast.ts": {"path":"C:\\sts\\projects\\ando\\src\\hooks\\use-toast.ts","all":false,"statementMap":{"0":{"start":{"line":1,"column":0},"end":{"line":1,"column":31}},"4":{"start":{"line":5,"column":0},"end":{"line":5,"column":22}},"5":{"start":{"line":6,"column":0},"end":{"line":6,"column":35}},"14":{"start":{"line":15,"column":0},"end":{"line":15,"column":21}},"15":{"start":{"line":16,"column":0},"end":{"line":16,"column":25}},"16":{"start":{"line":17,"column":0},"end":{"line":17,"column":31}},"17":{"start":{"line":18,"column":0},"end":{"line":18,"column":33}},"18":{"start":{"line":19,"column":0},"end":{"line":19,"column":31}},"19":{"start":{"line":20,"column":0},"end":{"line":20,"column":11}},"21":{"start":{"line":22,"column":0},"end":{"line":22,"column":14}},"23":{"start":{"line":24,"column":0},"end":{"line":24,"column":18}},"24":{"start":{"line":25,"column":0},"end":{"line":25,"column":48}},"25":{"start":{"line":26,"column":0},"end":{"line":26,"column":26}},"26":{"start":{"line":27,"column":0},"end":{"line":27,"column":1}},"52":{"start":{"line":53,"column":0},"end":{"line":53,"column":71}},"54":{"start":{"line":55,"column":0},"end":{"line":55,"column":47}},"55":{"start":{"line":56,"column":0},"end":{"line":56,"column":35}},"56":{"start":{"line":57,"column":0},"end":{"line":57,"column":11}},"57":{"start":{"line":58,"column":0},"end":{"line":58,"column":3}},"59":{"start":{"line":60,"column":0},"end":{"line":60,"column":36}},"60":{"start":{"line":61,"column":0},"end":{"line":61,"column":34}},"61":{"start":{"line":62,"column":0},"end":{"line":62,"column":14}},"62":{"start":{"line":63,"column":0},"end":{"line":63,"column":27}},"63":{"start":{"line":64,"column":0},"end":{"line":64,"column":23}},"64":{"start":{"line":65,"column":0},"end":{"line":65,"column":7}},"65":{"start":{"line":66,"column":0},"end":{"line":66,"column":25}},"67":{"start":{"line":68,"column":0},"end":{"line":68,"column":38}},"68":{"start":{"line":69,"column":0},"end":{"line":69,"column":2}},"70":{"start":{"line":71,"column":0},"end":{"line":71,"column":65}},"71":{"start":{"line":72,"column":0},"end":{"line":72,"column":24}},"72":{"start":{"line":73,"column":0},"end":{"line":73,"column":21}},"73":{"start":{"line":74,"column":0},"end":{"line":74,"column":14}},"74":{"start":{"line":75,"column":0},"end":{"line":75,"column":17}},"75":{"start":{"line":76,"column":0},"end":{"line":76,"column":70}},"76":{"start":{"line":77,"column":0},"end":{"line":77,"column":8}},"78":{"start":{"line":79,"column":0},"end":{"line":79,"column":24}},"79":{"start":{"line":80,"column":0},"end":{"line":80,"column":14}},"80":{"start":{"line":81,"column":0},"end":{"line":81,"column":17}},"81":{"start":{"line":82,"column":0},"end":{"line":82,"column":100}},"82":{"start":{"line":83,"column":0},"end":{"line":83,"column":8}},"84":{"start":{"line":85,"column":0},"end":{"line":85,"column":27}},"85":{"start":{"line":86,"column":0},"end":{"line":86,"column":33}},"87":{"start":{"line":88,"column":0},"end":{"line":88,"column":81}},"88":{"start":{"line":89,"column":0},"end":{"line":89,"column":45}},"89":{"start":{"line":90,"column":0},"end":{"line":90,"column":20}},"90":{"start":{"line":91,"column":0},"end":{"line":91,"column":34}},"91":{"start":{"line":92,"column":0},"end":{"line":92,"column":14}},"92":{"start":{"line":93,"column":0},"end":{"line":93,"column":41}},"93":{"start":{"line":94,"column":0},"end":{"line":94,"column":37}},"94":{"start":{"line":95,"column":0},"end":{"line":95,"column":11}},"95":{"start":{"line":96,"column":0},"end":{"line":96,"column":7}},"97":{"start":{"line":98,"column":0},"end":{"line":98,"column":14}},"98":{"start":{"line":99,"column":0},"end":{"line":99,"column":17}},"99":{"start":{"line":100,"column":0},"end":{"line":100,"column":39}},"100":{"start":{"line":101,"column":0},"end":{"line":101,"column":51}},"101":{"start":{"line":102,"column":0},"end":{"line":102,"column":15}},"102":{"start":{"line":103,"column":0},"end":{"line":103,"column":21}},"103":{"start":{"line":104,"column":0},"end":{"line":104,"column":28}},"104":{"start":{"line":105,"column":0},"end":{"line":105,"column":15}},"105":{"start":{"line":106,"column":0},"end":{"line":106,"column":16}},"107":{"start":{"line":108,"column":0},"end":{"line":108,"column":8}},"108":{"start":{"line":109,"column":0},"end":{"line":109,"column":5}},"109":{"start":{"line":110,"column":0},"end":{"line":110,"column":24}},"110":{"start":{"line":111,"column":0},"end":{"line":111,"column":41}},"111":{"start":{"line":112,"column":0},"end":{"line":112,"column":16}},"112":{"start":{"line":113,"column":0},"end":{"line":113,"column":19}},"113":{"start":{"line":114,"column":0},"end":{"line":114,"column":21}},"114":{"start":{"line":115,"column":0},"end":{"line":115,"column":10}},"115":{"start":{"line":116,"column":0},"end":{"line":116,"column":7}},"116":{"start":{"line":117,"column":0},"end":{"line":117,"column":14}},"117":{"start":{"line":118,"column":0},"end":{"line":118,"column":17}},"118":{"start":{"line":119,"column":0},"end":{"line":119,"column":68}},"119":{"start":{"line":120,"column":0},"end":{"line":120,"column":8}},"120":{"start":{"line":121,"column":0},"end":{"line":121,"column":3}},"121":{"start":{"line":122,"column":0},"end":{"line":122,"column":2}},"123":{"start":{"line":124,"column":0},"end":{"line":124,"column":52}},"125":{"start":{"line":126,"column":0},"end":{"line":126,"column":40}},"127":{"start":{"line":128,"column":0},"end":{"line":128,"column":35}},"128":{"start":{"line":129,"column":0},"end":{"line":129,"column":45}},"129":{"start":{"line":130,"column":0},"end":{"line":130,"column":35}},"130":{"start":{"line":131,"column":0},"end":{"line":131,"column":26}},"131":{"start":{"line":132,"column":0},"end":{"line":132,"column":5}},"132":{"start":{"line":133,"column":0},"end":{"line":133,"column":1}},"136":{"start":{"line":137,"column":0},"end":{"line":137,"column":37}},"137":{"start":{"line":138,"column":0},"end":{"line":138,"column":21}},"139":{"start":{"line":140,"column":0},"end":{"line":140,"column":41}},"140":{"start":{"line":141,"column":0},"end":{"line":141,"column":14}},"141":{"start":{"line":142,"column":0},"end":{"line":142,"column":27}},"142":{"start":{"line":143,"column":0},"end":{"line":143,"column":30}},"143":{"start":{"line":144,"column":0},"end":{"line":144,"column":7}},"144":{"start":{"line":145,"column":0},"end":{"line":145,"column":73}},"146":{"start":{"line":147,"column":0},"end":{"line":147,"column":12}},"147":{"start":{"line":148,"column":0},"end":{"line":148,"column":22}},"148":{"start":{"line":149,"column":0},"end":{"line":149,"column":12}},"149":{"start":{"line":150,"column":0},"end":{"line":150,"column":15}},"150":{"start":{"line":151,"column":0},"end":{"line":151,"column":9}},"151":{"start":{"line":152,"column":0},"end":{"line":152,"column":17}},"152":{"start":{"line":153,"column":0},"end":{"line":153,"column":31}},"153":{"start":{"line":154,"column":0},"end":{"line":154,"column":29}},"154":{"start":{"line":155,"column":0},"end":{"line":155,"column":8}},"155":{"start":{"line":156,"column":0},"end":{"line":156,"column":6}},"156":{"start":{"line":157,"column":0},"end":{"line":157,"column":5}},"158":{"start":{"line":159,"column":0},"end":{"line":159,"column":10}},"159":{"start":{"line":160,"column":0},"end":{"line":160,"column":11}},"160":{"start":{"line":161,"column":0},"end":{"line":161,"column":12}},"161":{"start":{"line":162,"column":0},"end":{"line":162,"column":11}},"162":{"start":{"line":163,"column":0},"end":{"line":163,"column":4}},"163":{"start":{"line":164,"column":0},"end":{"line":164,"column":1}},"165":{"start":{"line":166,"column":0},"end":{"line":166,"column":21}},"166":{"start":{"line":167,"column":0},"end":{"line":167,"column":63}},"168":{"start":{"line":169,"column":0},"end":{"line":169,"column":25}},"169":{"start":{"line":170,"column":0},"end":{"line":170,"column":29}},"170":{"start":{"line":171,"column":0},"end":{"line":171,"column":18}},"171":{"start":{"line":172,"column":0},"end":{"line":172,"column":48}},"172":{"start":{"line":173,"column":0},"end":{"line":173,"column":23}},"173":{"start":{"line":174,"column":0},"end":{"line":174,"column":35}},"174":{"start":{"line":175,"column":0},"end":{"line":175,"column":7}},"175":{"start":{"line":176,"column":0},"end":{"line":176,"column":6}},"176":{"start":{"line":177,"column":0},"end":{"line":177,"column":14}},"178":{"start":{"line":179,"column":0},"end":{"line":179,"column":10}},"179":{"start":{"line":180,"column":0},"end":{"line":180,"column":13}},"180":{"start":{"line":181,"column":0},"end":{"line":181,"column":10}},"181":{"start":{"line":182,"column":0},"end":{"line":182,"column":80}},"182":{"start":{"line":183,"column":0},"end":{"line":183,"column":4}},"183":{"start":{"line":184,"column":0},"end":{"line":184,"column":1}}},"s":{"0":1,"4":1,"5":1,"14":1,"15":1,"16":1,"17":1,"18":1,"19":1,"21":1,"23":32,"24":32,"25":32,"26":32,"52":1,"54":1,"55":7,"56":1,"57":1,"59":6,"60":0,"61":0,"62":0,"63":0,"64":0,"65":6,"67":6,"68":6,"70":1,"71":45,"72":45,"73":34,"74":34,"75":34,"76":34,"78":45,"79":3,"80":3,"81":3,"82":3,"84":45,"85":6,"87":6,"88":6,"89":6,"90":4,"91":6,"92":2,"93":3,"94":3,"95":2,"97":6,"98":6,"99":6,"100":8,"101":7,"102":7,"103":7,"104":7,"105":1,"107":6,"108":6,"109":45,"110":2,"111":1,"112":1,"113":1,"114":1,"115":1,"116":1,"117":1,"118":1,"119":1,"120":45,"121":45,"123":1,"125":1,"127":37,"128":37,"129":37,"130":33,"131":33,"132":37,"136":32,"137":32,"139":32,"140":1,"141":1,"142":1,"143":1,"144":32,"146":32,"147":32,"148":32,"149":32,"150":32,"151":32,"152":32,"153":1,"154":1,"155":32,"156":32,"158":32,"159":32,"160":32,"161":32,"162":32,"163":32,"165":38,"166":38,"168":38,"169":38,"170":38,"171":38,"172":38,"173":38,"174":38,"175":38,"176":38,"178":38,"179":38,"180":38,"181":38,"182":38,"183":38},"branchMap":{"0":{"type":"branch","line":24,"loc":{"start":{"line":24,"column":0},"end":{"line":27,"column":1}},"locations":[{"start":{"line":24,"column":0},"end":{"line":27,"column":1}}]},"1":{"type":"branch","line":55,"loc":{"start":{"line":55,"column":25},"end":{"line":69,"column":2}},"locations":[{"start":{"line":55,"column":25},"end":{"line":69,"column":2}}]},"2":{"type":"branch","line":56,"loc":{"start":{"line":56,"column":34},"end":{"line":58,"column":3}},"locations":[{"start":{"line":56,"column":34},"end":{"line":58,"column":3}}]},"3":{"type":"branch","line":58,"loc":{"start":{"line":58,"column":2},"end":{"line":69,"column":2}},"locations":[{"start":{"line":58,"column":2},"end":{"line":69,"column":2}}]},"4":{"type":"branch","line":71,"loc":{"start":{"line":71,"column":23},"end":{"line":122,"column":2}},"locations":[{"start":{"line":71,"column":23},"end":{"line":122,"column":2}}]},"5":{"type":"branch","line":73,"loc":{"start":{"line":73,"column":4},"end":{"line":77,"column":8}},"locations":[{"start":{"line":73,"column":4},"end":{"line":77,"column":8}}]},"6":{"type":"branch","line":79,"loc":{"start":{"line":79,"column":4},"end":{"line":83,"column":8}},"locations":[{"start":{"line":79,"column":4},"end":{"line":83,"column":8}}]},"7":{"type":"branch","line":85,"loc":{"start":{"line":85,"column":4},"end":{"line":109,"column":5}},"locations":[{"start":{"line":85,"column":4},"end":{"line":109,"column":5}}]},"8":{"type":"branch","line":90,"loc":{"start":{"line":90,"column":19},"end":{"line":92,"column":13}},"locations":[{"start":{"line":90,"column":19},"end":{"line":92,"column":13}}]},"9":{"type":"branch","line":92,"loc":{"start":{"line":92,"column":6},"end":{"line":96,"column":7}},"locations":[{"start":{"line":92,"column":6},"end":{"line":96,"column":7}}]},"10":{"type":"branch","line":110,"loc":{"start":{"line":110,"column":4},"end":{"line":120,"column":8}},"locations":[{"start":{"line":110,"column":4},"end":{"line":120,"column":8}}]},"11":{"type":"branch","line":111,"loc":{"start":{"line":111,"column":40},"end":{"line":120,"column":8}},"locations":[{"start":{"line":111,"column":40},"end":{"line":120,"column":8}}]},"12":{"type":"branch","line":82,"loc":{"start":{"line":82,"column":33},"end":{"line":82,"column":100}},"locations":[{"start":{"line":82,"column":33},"end":{"line":82,"column":100}}]},"13":{"type":"branch","line":82,"loc":{"start":{"line":82,"column":65},"end":{"line":82,"column":96}},"locations":[{"start":{"line":82,"column":65},"end":{"line":82,"column":96}}]},"14":{"type":"branch","line":82,"loc":{"start":{"line":82,"column":92},"end":{"line":82,"column":100}},"locations":[{"start":{"line":82,"column":92},"end":{"line":82,"column":100}}]},"15":{"type":"branch","line":93,"loc":{"start":{"line":93,"column":29},"end":{"line":95,"column":11}},"locations":[{"start":{"line":93,"column":29},"end":{"line":95,"column":11}}]},"16":{"type":"branch","line":100,"loc":{"start":{"line":100,"column":33},"end":{"line":106,"column":16}},"locations":[{"start":{"line":100,"column":33},"end":{"line":106,"column":16}}]},"17":{"type":"branch","line":101,"loc":{"start":{"line":101,"column":19},"end":{"line":101,"column":51}},"locations":[{"start":{"line":101,"column":19},"end":{"line":101,"column":51}}]},"18":{"type":"branch","line":101,"loc":{"start":{"line":101,"column":42},"end":{"line":105,"column":15}},"locations":[{"start":{"line":101,"column":42},"end":{"line":105,"column":15}}]},"19":{"type":"branch","line":105,"loc":{"start":{"line":105,"column":14},"end":{"line":106,"column":16}},"locations":[{"start":{"line":105,"column":14},"end":{"line":106,"column":16}}]},"20":{"type":"branch","line":119,"loc":{"start":{"line":119,"column":36},"end":{"line":119,"column":66}},"locations":[{"start":{"line":119,"column":36},"end":{"line":119,"column":66}}]},"21":{"type":"branch","line":128,"loc":{"start":{"line":128,"column":0},"end":{"line":133,"column":1}},"locations":[{"start":{"line":128,"column":0},"end":{"line":133,"column":1}}]},"22":{"type":"branch","line":130,"loc":{"start":{"line":130,"column":20},"end":{"line":132,"column":5}},"locations":[{"start":{"line":130,"column":20},"end":{"line":132,"column":5}}]},"23":{"type":"branch","line":137,"loc":{"start":{"line":137,"column":0},"end":{"line":164,"column":1}},"locations":[{"start":{"line":137,"column":0},"end":{"line":164,"column":1}}]},"24":{"type":"branch","line":140,"loc":{"start":{"line":140,"column":17},"end":{"line":144,"column":7}},"locations":[{"start":{"line":140,"column":17},"end":{"line":144,"column":7}}]},"25":{"type":"branch","line":145,"loc":{"start":{"line":145,"column":18},"end":{"line":145,"column":73}},"locations":[{"start":{"line":145,"column":18},"end":{"line":145,"column":73}}]},"26":{"type":"branch","line":153,"loc":{"start":{"line":153,"column":20},"end":{"line":155,"column":8}},"locations":[{"start":{"line":153,"column":20},"end":{"line":155,"column":8}}]},"27":{"type":"branch","line":166,"loc":{"start":{"line":166,"column":0},"end":{"line":184,"column":1}},"locations":[{"start":{"line":166,"column":0},"end":{"line":184,"column":1}}]},"28":{"type":"branch","line":169,"loc":{"start":{"line":169,"column":18},"end":{"line":177,"column":5}},"locations":[{"start":{"line":169,"column":18},"end":{"line":177,"column":5}}]},"29":{"type":"branch","line":171,"loc":{"start":{"line":171,"column":11},"end":{"line":176,"column":6}},"locations":[{"start":{"line":171,"column":11},"end":{"line":176,"column":6}}]},"30":{"type":"branch","line":182,"loc":{"start":{"line":182,"column":13},"end":{"line":182,"column":80}},"locations":[{"start":{"line":182,"column":13},"end":{"line":182,"column":80}}]}},"b":{"0":[32],"1":[7],"2":[1],"3":[6],"4":[45],"5":[34],"6":[3],"7":[6],"8":[4],"9":[2],"10":[2],"11":[1],"12":[3],"13":[2],"14":[1],"15":[3],"16":[8],"17":[4],"18":[7],"19":[1],"20":[2],"21":[37],"22":[33],"23":[32],"24":[1],"25":[2],"26":[1],"27":[38],"28":[38],"29":[38],"30":[2]},"fnMap":{"0":{"name":"genId","decl":{"start":{"line":24,"column":0},"end":{"line":27,"column":1}},"loc":{"start":{"line":24,"column":0},"end":{"line":27,"column":1}},"line":24},"1":{"name":"addToRemoveQueue","decl":{"start":{"line":55,"column":25},"end":{"line":69,"column":2}},"loc":{"start":{"line":55,"column":25},"end":{"line":69,"column":2}},"line":55},"2":{"name":"reducer","decl":{"start":{"line":71,"column":23},"end":{"line":122,"column":2}},"loc":{"start":{"line":71,"column":23},"end":{"line":122,"column":2}},"line":71},"3":{"name":"dispatch","decl":{"start":{"line":128,"column":0},"end":{"line":133,"column":1}},"loc":{"start":{"line":128,"column":0},"end":{"line":133,"column":1}},"line":128},"4":{"name":"toast","decl":{"start":{"line":137,"column":0},"end":{"line":164,"column":1}},"loc":{"start":{"line":137,"column":0},"end":{"line":164,"column":1}},"line":137},"5":{"name":"update","decl":{"start":{"line":140,"column":17},"end":{"line":144,"column":7}},"loc":{"start":{"line":140,"column":17},"end":{"line":144,"column":7}},"line":140},"6":{"name":"dismiss","decl":{"start":{"line":145,"column":18},"end":{"line":145,"column":73}},"loc":{"start":{"line":145,"column":18},"end":{"line":145,"column":73}},"line":145},"7":{"name":"onOpenChange","decl":{"start":{"line":153,"column":20},"end":{"line":155,"column":8}},"loc":{"start":{"line":153,"column":20},"end":{"line":155,"column":8}},"line":153},"8":{"name":"useToast","decl":{"start":{"line":166,"column":0},"end":{"line":184,"column":1}},"loc":{"start":{"line":166,"column":0},"end":{"line":184,"column":1}},"line":166},"9":{"name":"dismiss","decl":{"start":{"line":182,"column":13},"end":{"line":182,"column":80}},"loc":{"start":{"line":182,"column":13},"end":{"line":182,"column":80}},"line":182}},"f":{"0":32,"1":7,"2":45,"3":37,"4":32,"5":1,"6":2,"7":1,"8":38,"9":2}}
,"C:\\sts\\projects\\ando\\src\\hooks\\useAboutPage.ts": {"path":"C:\\sts\\projects\\ando\\src\\hooks\\useAboutPage.ts","all":false,"statementMap":{"0":{"start":{"line":1,"column":0},"end":{"line":1,"column":78}},"16":{"start":{"line":17,"column":0},"end":{"line":17,"column":35}},"17":{"start":{"line":18,"column":0},"end":{"line":18,"column":19}},"18":{"start":{"line":19,"column":0},"end":{"line":19,"column":29}},"19":{"start":{"line":20,"column":0},"end":{"line":20,"column":26}},"20":{"start":{"line":21,"column":0},"end":{"line":21,"column":44}},"21":{"start":{"line":22,"column":0},"end":{"line":22,"column":27}},"22":{"start":{"line":23,"column":0},"end":{"line":23,"column":20}},"23":{"start":{"line":24,"column":0},"end":{"line":24,"column":31}},"24":{"start":{"line":25,"column":0},"end":{"line":25,"column":32}},"26":{"start":{"line":27,"column":0},"end":{"line":27,"column":29}},"27":{"start":{"line":28,"column":0},"end":{"line":28,"column":40}},"28":{"start":{"line":29,"column":0},"end":{"line":29,"column":6}},"29":{"start":{"line":30,"column":0},"end":{"line":30,"column":5}},"30":{"start":{"line":31,"column":0},"end":{"line":31,"column":2}},"32":{"start":{"line":33,"column":0},"end":{"line":33,"column":44}},"33":{"start":{"line":34,"column":0},"end":{"line":34,"column":39}},"35":{"start":{"line":36,"column":0},"end":{"line":36,"column":22}},"36":{"start":{"line":37,"column":0},"end":{"line":37,"column":24}},"37":{"start":{"line":38,"column":0},"end":{"line":38,"column":9}},"38":{"start":{"line":39,"column":0},"end":{"line":39,"column":14}},"42":{"start":{"line":43,"column":0},"end":{"line":43,"column":11}},"43":{"start":{"line":44,"column":0},"end":{"line":44,"column":44}},"44":{"start":{"line":45,"column":0},"end":{"line":45,"column":27}},"45":{"start":{"line":46,"column":0},"end":{"line":46,"column":24}},"46":{"start":{"line":47,"column":0},"end":{"line":47,"column":21}},"47":{"start":{"line":48,"column":0},"end":{"line":48,"column":17}},"48":{"start":{"line":49,"column":0},"end":{"line":49,"column":18}},"50":{"start":{"line":51,"column":0},"end":{"line":51,"column":29}},"51":{"start":{"line":52,"column":0},"end":{"line":52,"column":18}},"52":{"start":{"line":53,"column":0},"end":{"line":53,"column":6}},"53":{"start":{"line":54,"column":0},"end":{"line":54,"column":22}},"54":{"start":{"line":55,"column":0},"end":{"line":55,"column":66}},"55":{"start":{"line":56,"column":0},"end":{"line":56,"column":43}},"56":{"start":{"line":57,"column":0},"end":{"line":57,"column":6}},"57":{"start":{"line":58,"column":0},"end":{"line":58,"column":25}},"58":{"start":{"line":59,"column":0},"end":{"line":59,"column":60}},"59":{"start":{"line":60,"column":0},"end":{"line":60,"column":43}},"60":{"start":{"line":61,"column":0},"end":{"line":61,"column":6}},"61":{"start":{"line":62,"column":0},"end":{"line":62,"column":5}},"62":{"start":{"line":63,"column":0},"end":{"line":63,"column":2}}},"s":{"0":1,"16":1,"17":10,"18":10,"19":10,"20":6,"21":6,"22":6,"23":6,"24":6,"26":6,"27":5,"28":5,"29":10,"30":10,"32":1,"33":10,"35":10,"36":10,"37":9,"38":9,"42":9,"43":9,"44":9,"45":9,"46":9,"47":9,"48":9,"50":9,"51":7,"52":7,"53":10,"54":7,"55":7,"56":7,"57":10,"58":2,"59":2,"60":2,"61":10,"62":10},"branchMap":{"0":{"type":"branch","line":17,"loc":{"start":{"line":17,"column":28},"end":{"line":31,"column":2}},"locations":[{"start":{"line":17,"column":28},"end":{"line":31,"column":2}}]},"1":{"type":"branch","line":20,"loc":{"start":{"line":20,"column":13},"end":{"line":29,"column":6}},"locations":[{"start":{"line":20,"column":13},"end":{"line":29,"column":6}}]},"2":{"type":"branch","line":27,"loc":{"start":{"line":27,"column":17},"end":{"line":27,"column":29}},"locations":[{"start":{"line":27,"column":17},"end":{"line":27,"column":29}}]},"3":{"type":"branch","line":27,"loc":{"start":{"line":27,"column":23},"end":{"line":29,"column":6}},"locations":[{"start":{"line":27,"column":23},"end":{"line":29,"column":6}}]},"4":{"type":"branch","line":33,"loc":{"start":{"line":33,"column":37},"end":{"line":63,"column":2}},"locations":[{"start":{"line":33,"column":37},"end":{"line":63,"column":2}}]},"5":{"type":"branch","line":37,"loc":{"start":{"line":37,"column":16},"end":{"line":53,"column":6}},"locations":[{"start":{"line":37,"column":16},"end":{"line":53,"column":6}}]},"6":{"type":"branch","line":51,"loc":{"start":{"line":51,"column":17},"end":{"line":51,"column":29}},"locations":[{"start":{"line":51,"column":17},"end":{"line":51,"column":29}}]},"7":{"type":"branch","line":51,"loc":{"start":{"line":51,"column":23},"end":{"line":53,"column":6}},"locations":[{"start":{"line":51,"column":23},"end":{"line":53,"column":6}}]},"8":{"type":"branch","line":54,"loc":{"start":{"line":54,"column":15},"end":{"line":57,"column":6}},"locations":[{"start":{"line":54,"column":15},"end":{"line":57,"column":6}}]},"9":{"type":"branch","line":58,"loc":{"start":{"line":58,"column":13},"end":{"line":61,"column":6}},"locations":[{"start":{"line":58,"column":13},"end":{"line":61,"column":6}}]}},"b":{"0":[10],"1":[6],"2":[1],"3":[5],"4":[10],"5":[9],"6":[2],"7":[7],"8":[7],"9":[2]},"fnMap":{"0":{"name":"useAboutPage","decl":{"start":{"line":17,"column":28},"end":{"line":31,"column":2}},"loc":{"start":{"line":17,"column":28},"end":{"line":31,"column":2}},"line":17},"1":{"name":"queryFn","decl":{"start":{"line":20,"column":13},"end":{"line":29,"column":6}},"loc":{"start":{"line":20,"column":13},"end":{"line":29,"column":6}},"line":20},"2":{"name":"useUpdateAboutSection","decl":{"start":{"line":33,"column":37},"end":{"line":63,"column":2}},"loc":{"start":{"line":33,"column":37},"end":{"line":63,"column":2}},"line":33},"3":{"name":"mutationFn","decl":{"start":{"line":37,"column":16},"end":{"line":53,"column":6}},"loc":{"start":{"line":37,"column":16},"end":{"line":53,"column":6}},"line":37},"4":{"name":"onSuccess","decl":{"start":{"line":54,"column":15},"end":{"line":57,"column":6}},"loc":{"start":{"line":54,"column":15},"end":{"line":57,"column":6}},"line":54},"5":{"name":"onError","decl":{"start":{"line":58,"column":13},"end":{"line":61,"column":6}},"loc":{"start":{"line":58,"column":13},"end":{"line":61,"column":6}},"line":58}},"f":{"0":10,"1":6,"2":10,"3":9,"4":7,"5":2}}
,"C:\\sts\\projects\\ando\\src\\hooks\\useHeroSlides.ts": {"path":"C:\\sts\\projects\\ando\\src\\hooks\\useHeroSlides.ts","all":false,"statementMap":{"0":{"start":{"line":1,"column":0},"end":{"line":1,"column":58}},"15":{"start":{"line":16,"column":0},"end":{"line":16,"column":34}},"16":{"start":{"line":17,"column":0},"end":{"line":17,"column":55}},"17":{"start":{"line":18,"column":0},"end":{"line":18,"column":27}},"18":{"start":{"line":19,"column":0},"end":{"line":19,"column":26}},"19":{"start":{"line":20,"column":0},"end":{"line":20,"column":13}},"20":{"start":{"line":21,"column":0},"end":{"line":21,"column":28}},"21":{"start":{"line":22,"column":0},"end":{"line":22,"column":30}},"22":{"start":{"line":23,"column":0},"end":{"line":23,"column":28}},"23":{"start":{"line":24,"column":0},"end":{"line":24,"column":4}},"24":{"start":{"line":25,"column":0},"end":{"line":25,"column":56}},"25":{"start":{"line":26,"column":0},"end":{"line":26,"column":3}},"27":{"start":{"line":28,"column":0},"end":{"line":28,"column":62}},"28":{"start":{"line":29,"column":0},"end":{"line":29,"column":53}},"29":{"start":{"line":30,"column":0},"end":{"line":30,"column":60}},"30":{"start":{"line":31,"column":0},"end":{"line":31,"column":60}},"31":{"start":{"line":32,"column":0},"end":{"line":32,"column":60}}},"s":{"0":1,"15":1,"16":1,"17":1,"18":1,"19":1,"20":1,"21":1,"22":1,"23":1,"24":1,"25":1,"27":1,"28":1,"29":1,"30":1,"31":1},"branchMap":{},"b":{},"fnMap":{},"f":{}}
,"C:\\sts\\projects\\ando\\src\\hooks\\useInfoPages.ts": {"path":"C:\\sts\\projects\\ando\\src\\hooks\\useInfoPages.ts","all":false,"statementMap":{"0":{"start":{"line":1,"column":0},"end":{"line":1,"column":78}},"16":{"start":{"line":17,"column":0},"end":{"line":17,"column":35}},"17":{"start":{"line":18,"column":0},"end":{"line":18,"column":19}},"18":{"start":{"line":19,"column":0},"end":{"line":19,"column":29}},"19":{"start":{"line":20,"column":0},"end":{"line":20,"column":26}},"20":{"start":{"line":21,"column":0},"end":{"line":21,"column":44}},"21":{"start":{"line":22,"column":0},"end":{"line":22,"column":27}},"22":{"start":{"line":23,"column":0},"end":{"line":23,"column":20}},"23":{"start":{"line":24,"column":0},"end":{"line":24,"column":53}},"25":{"start":{"line":26,"column":0},"end":{"line":26,"column":29}},"26":{"start":{"line":27,"column":0},"end":{"line":27,"column":32}},"27":{"start":{"line":28,"column":0},"end":{"line":28,"column":6}},"28":{"start":{"line":29,"column":0},"end":{"line":29,"column":5}},"29":{"start":{"line":30,"column":0},"end":{"line":30,"column":2}},"31":{"start":{"line":32,"column":0},"end":{"line":32,"column":49}},"32":{"start":{"line":33,"column":0},"end":{"line":33,"column":19}},"33":{"start":{"line":34,"column":0},"end":{"line":34,"column":37}},"34":{"start":{"line":35,"column":0},"end":{"line":35,"column":26}},"35":{"start":{"line":36,"column":0},"end":{"line":36,"column":44}},"36":{"start":{"line":37,"column":0},"end":{"line":37,"column":27}},"37":{"start":{"line":38,"column":0},"end":{"line":38,"column":20}},"38":{"start":{"line":39,"column":0},"end":{"line":39,"column":32}},"39":{"start":{"line":40,"column":0},"end":{"line":40,"column":18}},"41":{"start":{"line":42,"column":0},"end":{"line":42,"column":29}},"42":{"start":{"line":43,"column":0},"end":{"line":43,"column":30}},"43":{"start":{"line":44,"column":0},"end":{"line":44,"column":6}},"44":{"start":{"line":45,"column":0},"end":{"line":45,"column":23}},"45":{"start":{"line":46,"column":0},"end":{"line":46,"column":5}},"46":{"start":{"line":47,"column":0},"end":{"line":47,"column":2}},"48":{"start":{"line":49,"column":0},"end":{"line":49,"column":40}},"49":{"start":{"line":50,"column":0},"end":{"line":50,"column":39}},"51":{"start":{"line":52,"column":0},"end":{"line":52,"column":22}},"52":{"start":{"line":53,"column":0},"end":{"line":53,"column":85}},"53":{"start":{"line":54,"column":0},"end":{"line":54,"column":44}},"54":{"start":{"line":55,"column":0},"end":{"line":55,"column":27}},"55":{"start":{"line":56,"column":0},"end":{"line":56,"column":21}},"56":{"start":{"line":57,"column":0},"end":{"line":57,"column":17}},"57":{"start":{"line":58,"column":0},"end":{"line":58,"column":18}},"59":{"start":{"line":60,"column":0},"end":{"line":60,"column":29}},"60":{"start":{"line":61,"column":0},"end":{"line":61,"column":18}},"61":{"start":{"line":62,"column":0},"end":{"line":62,"column":6}},"62":{"start":{"line":63,"column":0},"end":{"line":63,"column":22}},"63":{"start":{"line":64,"column":0},"end":{"line":64,"column":66}},"64":{"start":{"line":65,"column":0},"end":{"line":65,"column":40}},"65":{"start":{"line":66,"column":0},"end":{"line":66,"column":6}},"66":{"start":{"line":67,"column":0},"end":{"line":67,"column":25}},"67":{"start":{"line":68,"column":0},"end":{"line":68,"column":33}},"68":{"start":{"line":69,"column":0},"end":{"line":69,"column":6}},"69":{"start":{"line":70,"column":0},"end":{"line":70,"column":5}},"70":{"start":{"line":71,"column":0},"end":{"line":71,"column":2}},"72":{"start":{"line":73,"column":0},"end":{"line":73,"column":40}},"73":{"start":{"line":74,"column":0},"end":{"line":74,"column":39}},"75":{"start":{"line":76,"column":0},"end":{"line":76,"column":22}},"76":{"start":{"line":77,"column":0},"end":{"line":77,"column":83}},"77":{"start":{"line":78,"column":0},"end":{"line":78,"column":44}},"78":{"start":{"line":79,"column":0},"end":{"line":79,"column":27}},"79":{"start":{"line":80,"column":0},"end":{"line":80,"column":24}},"80":{"start":{"line":81,"column":0},"end":{"line":81,"column":21}},"81":{"start":{"line":82,"column":0},"end":{"line":82,"column":17}},"82":{"start":{"line":83,"column":0},"end":{"line":83,"column":18}},"84":{"start":{"line":85,"column":0},"end":{"line":85,"column":29}},"85":{"start":{"line":86,"column":0},"end":{"line":86,"column":18}},"86":{"start":{"line":87,"column":0},"end":{"line":87,"column":6}},"87":{"start":{"line":88,"column":0},"end":{"line":88,"column":22}},"88":{"start":{"line":89,"column":0},"end":{"line":89,"column":66}},"89":{"start":{"line":90,"column":0},"end":{"line":90,"column":42}},"90":{"start":{"line":91,"column":0},"end":{"line":91,"column":6}},"91":{"start":{"line":92,"column":0},"end":{"line":92,"column":25}},"92":{"start":{"line":93,"column":0},"end":{"line":93,"column":33}},"93":{"start":{"line":94,"column":0},"end":{"line":94,"column":6}},"94":{"start":{"line":95,"column":0},"end":{"line":95,"column":5}},"95":{"start":{"line":96,"column":0},"end":{"line":96,"column":2}},"97":{"start":{"line":98,"column":0},"end":{"line":98,"column":40}},"98":{"start":{"line":99,"column":0},"end":{"line":99,"column":39}},"100":{"start":{"line":101,"column":0},"end":{"line":101,"column":22}},"101":{"start":{"line":102,"column":0},"end":{"line":102,"column":39}},"102":{"start":{"line":103,"column":0},"end":{"line":103,"column":38}},"103":{"start":{"line":104,"column":0},"end":{"line":104,"column":27}},"104":{"start":{"line":105,"column":0},"end":{"line":105,"column":17}},"105":{"start":{"line":106,"column":0},"end":{"line":106,"column":22}},"107":{"start":{"line":108,"column":0},"end":{"line":108,"column":29}},"108":{"start":{"line":109,"column":0},"end":{"line":109,"column":6}},"109":{"start":{"line":110,"column":0},"end":{"line":110,"column":22}},"110":{"start":{"line":111,"column":0},"end":{"line":111,"column":66}},"111":{"start":{"line":112,"column":0},"end":{"line":112,"column":40}},"112":{"start":{"line":113,"column":0},"end":{"line":113,"column":6}},"113":{"start":{"line":114,"column":0},"end":{"line":114,"column":25}},"114":{"start":{"line":115,"column":0},"end":{"line":115,"column":33}},"115":{"start":{"line":116,"column":0},"end":{"line":116,"column":6}},"116":{"start":{"line":117,"column":0},"end":{"line":117,"column":5}},"117":{"start":{"line":118,"column":0},"end":{"line":118,"column":2}}},"s":{"0":1,"16":1,"17":9,"18":9,"19":9,"20":5,"21":5,"22":5,"23":5,"25":5,"26":4,"27":4,"28":9,"29":9,"31":1,"32":6,"33":6,"34":6,"35":3,"36":3,"37":3,"38":3,"39":3,"41":3,"42":2,"43":2,"44":6,"45":6,"46":6,"48":1,"49":8,"51":8,"52":8,"53":7,"54":7,"55":7,"56":7,"57":7,"59":7,"60":6,"61":6,"62":8,"63":6,"64":6,"65":6,"66":8,"67":1,"68":1,"69":8,"70":8,"72":1,"73":5,"75":5,"76":5,"77":5,"78":5,"79":5,"80":5,"81":5,"82":5,"84":5,"85":4,"86":4,"87":5,"88":4,"89":4,"90":4,"91":5,"92":1,"93":1,"94":5,"95":5,"97":1,"98":3,"100":3,"101":3,"102":2,"103":2,"104":2,"105":2,"107":2,"108":2,"109":3,"110":1,"111":1,"112":1,"113":3,"114":1,"115":1,"116":3,"117":3},"branchMap":{"0":{"type":"branch","line":17,"loc":{"start":{"line":17,"column":28},"end":{"line":30,"column":2}},"locations":[{"start":{"line":17,"column":28},"end":{"line":30,"column":2}}]},"1":{"type":"branch","line":20,"loc":{"start":{"line":20,"column":13},"end":{"line":28,"column":6}},"locations":[{"start":{"line":20,"column":13},"end":{"line":28,"column":6}}]},"2":{"type":"branch","line":26,"loc":{"start":{"line":26,"column":17},"end":{"line":26,"column":29}},"locations":[{"start":{"line":26,"column":17},"end":{"line":26,"column":29}}]},"3":{"type":"branch","line":26,"loc":{"start":{"line":26,"column":23},"end":{"line":28,"column":6}},"locations":[{"start":{"line":26,"column":23},"end":{"line":28,"column":6}}]},"4":{"type":"branch","line":32,"loc":{"start":{"line":32,"column":27},"end":{"line":47,"column":2}},"locations":[{"start":{"line":32,"column":27},"end":{"line":47,"column":2}}]},"5":{"type":"branch","line":35,"loc":{"start":{"line":35,"column":13},"end":{"line":44,"column":6}},"locations":[{"start":{"line":35,"column":13},"end":{"line":44,"column":6}}]},"6":{"type":"branch","line":42,"loc":{"start":{"line":42,"column":17},"end":{"line":42,"column":29}},"locations":[{"start":{"line":42,"column":17},"end":{"line":42,"column":29}}]},"7":{"type":"branch","line":42,"loc":{"start":{"line":42,"column":23},"end":{"line":44,"column":6}},"locations":[{"start":{"line":42,"column":23},"end":{"line":44,"column":6}}]},"8":{"type":"branch","line":49,"loc":{"start":{"line":49,"column":33},"end":{"line":71,"column":2}},"locations":[{"start":{"line":49,"column":33},"end":{"line":71,"column":2}}]},"9":{"type":"branch","line":53,"loc":{"start":{"line":53,"column":16},"end":{"line":62,"column":6}},"locations":[{"start":{"line":53,"column":16},"end":{"line":62,"column":6}}]},"10":{"type":"branch","line":60,"loc":{"start":{"line":60,"column":17},"end":{"line":60,"column":29}},"locations":[{"start":{"line":60,"column":17},"end":{"line":60,"column":29}}]},"11":{"type":"branch","line":60,"loc":{"start":{"line":60,"column":23},"end":{"line":62,"column":6}},"locations":[{"start":{"line":60,"column":23},"end":{"line":62,"column":6}}]},"12":{"type":"branch","line":63,"loc":{"start":{"line":63,"column":15},"end":{"line":66,"column":6}},"locations":[{"start":{"line":63,"column":15},"end":{"line":66,"column":6}}]},"13":{"type":"branch","line":67,"loc":{"start":{"line":67,"column":13},"end":{"line":69,"column":6}},"locations":[{"start":{"line":67,"column":13},"end":{"line":69,"column":6}}]},"14":{"type":"branch","line":73,"loc":{"start":{"line":73,"column":33},"end":{"line":96,"column":2}},"locations":[{"start":{"line":73,"column":33},"end":{"line":96,"column":2}}]},"15":{"type":"branch","line":77,"loc":{"start":{"line":77,"column":16},"end":{"line":87,"column":6}},"locations":[{"start":{"line":77,"column":16},"end":{"line":87,"column":6}}]},"16":{"type":"branch","line":85,"loc":{"start":{"line":85,"column":17},"end":{"line":85,"column":29}},"locations":[{"start":{"line":85,"column":17},"end":{"line":85,"column":29}}]},"17":{"type":"branch","line":85,"loc":{"start":{"line":85,"column":23},"end":{"line":87,"column":6}},"locations":[{"start":{"line":85,"column":23},"end":{"line":87,"column":6}}]},"18":{"type":"branch","line":88,"loc":{"start":{"line":88,"column":15},"end":{"line":91,"column":6}},"locations":[{"start":{"line":88,"column":15},"end":{"line":91,"column":6}}]},"19":{"type":"branch","line":92,"loc":{"start":{"line":92,"column":13},"end":{"line":94,"column":6}},"locations":[{"start":{"line":92,"column":13},"end":{"line":94,"column":6}}]},"20":{"type":"branch","line":98,"loc":{"start":{"line":98,"column":33},"end":{"line":118,"column":2}},"locations":[{"start":{"line":98,"column":33},"end":{"line":118,"column":2}}]},"21":{"type":"branch","line":102,"loc":{"start":{"line":102,"column":16},"end":{"line":109,"column":6}},"locations":[{"start":{"line":102,"column":16},"end":{"line":109,"column":6}}]},"22":{"type":"branch","line":108,"loc":{"start":{"line":108,"column":17},"end":{"line":108,"column":29}},"locations":[{"start":{"line":108,"column":17},"end":{"line":108,"column":29}}]},"23":{"type":"branch","line":110,"loc":{"start":{"line":110,"column":15},"end":{"line":113,"column":6}},"locations":[{"start":{"line":110,"column":15},"end":{"line":113,"column":6}}]},"24":{"type":"branch","line":114,"loc":{"start":{"line":114,"column":13},"end":{"line":116,"column":6}},"locations":[{"start":{"line":114,"column":13},"end":{"line":116,"column":6}}]}},"b":{"0":[9],"1":[5],"2":[1],"3":[4],"4":[6],"5":[3],"6":[1],"7":[2],"8":[8],"9":[7],"10":[1],"11":[6],"12":[6],"13":[1],"14":[5],"15":[5],"16":[1],"17":[4],"18":[4],"19":[1],"20":[3],"21":[2],"22":[1],"23":[1],"24":[1]},"fnMap":{"0":{"name":"useInfoPages","decl":{"start":{"line":17,"column":28},"end":{"line":30,"column":2}},"loc":{"start":{"line":17,"column":28},"end":{"line":30,"column":2}},"line":17},"1":{"name":"queryFn","decl":{"start":{"line":20,"column":13},"end":{"line":28,"column":6}},"loc":{"start":{"line":20,"column":13},"end":{"line":28,"column":6}},"line":20},"2":{"name":"useInfoPage","decl":{"start":{"line":32,"column":27},"end":{"line":47,"column":2}},"loc":{"start":{"line":32,"column":27},"end":{"line":47,"column":2}},"line":32},"3":{"name":"queryFn","decl":{"start":{"line":35,"column":13},"end":{"line":44,"column":6}},"loc":{"start":{"line":35,"column":13},"end":{"line":44,"column":6}},"line":35},"4":{"name":"useCreateInfoPage","decl":{"start":{"line":49,"column":33},"end":{"line":71,"column":2}},"loc":{"start":{"line":49,"column":33},"end":{"line":71,"column":2}},"line":49},"5":{"name":"mutationFn","decl":{"start":{"line":53,"column":16},"end":{"line":62,"column":6}},"loc":{"start":{"line":53,"column":16},"end":{"line":62,"column":6}},"line":53},"6":{"name":"onSuccess","decl":{"start":{"line":63,"column":15},"end":{"line":66,"column":6}},"loc":{"start":{"line":63,"column":15},"end":{"line":66,"column":6}},"line":63},"7":{"name":"onError","decl":{"start":{"line":67,"column":13},"end":{"line":69,"column":6}},"loc":{"start":{"line":67,"column":13},"end":{"line":69,"column":6}},"line":67},"8":{"name":"useUpdateInfoPage","decl":{"start":{"line":73,"column":33},"end":{"line":96,"column":2}},"loc":{"start":{"line":73,"column":33},"end":{"line":96,"column":2}},"line":73},"9":{"name":"mutationFn","decl":{"start":{"line":77,"column":16},"end":{"line":87,"column":6}},"loc":{"start":{"line":77,"column":16},"end":{"line":87,"column":6}},"line":77},"10":{"name":"onSuccess","decl":{"start":{"line":88,"column":15},"end":{"line":91,"column":6}},"loc":{"start":{"line":88,"column":15},"end":{"line":91,"column":6}},"line":88},"11":{"name":"onError","decl":{"start":{"line":92,"column":13},"end":{"line":94,"column":6}},"loc":{"start":{"line":92,"column":13},"end":{"line":94,"column":6}},"line":92},"12":{"name":"useDeleteInfoPage","decl":{"start":{"line":98,"column":33},"end":{"line":118,"column":2}},"loc":{"start":{"line":98,"column":33},"end":{"line":118,"column":2}},"line":98},"13":{"name":"mutationFn","decl":{"start":{"line":102,"column":16},"end":{"line":109,"column":6}},"loc":{"start":{"line":102,"column":16},"end":{"line":109,"column":6}},"line":102},"14":{"name":"onSuccess","decl":{"start":{"line":110,"column":15},"end":{"line":113,"column":6}},"loc":{"start":{"line":110,"column":15},"end":{"line":113,"column":6}},"line":110},"15":{"name":"onError","decl":{"start":{"line":114,"column":13},"end":{"line":116,"column":6}},"loc":{"start":{"line":114,"column":13},"end":{"line":116,"column":6}},"line":114}},"f":{"0":9,"1":5,"2":6,"3":3,"4":8,"5":7,"6":6,"7":1,"8":5,"9":5,"10":4,"11":1,"12":3,"13":2,"14":1,"15":1}}
,"C:\\sts\\projects\\ando\\src\\hooks\\useLookbook.ts": {"path":"C:\\sts\\projects\\ando\\src\\hooks\\useLookbook.ts","all":false,"statementMap":{"0":{"start":{"line":1,"column":0},"end":{"line":1,"column":58}}},"s":{"0":1},"branchMap":{},"b":{},"fnMap":{},"f":{}}
,"C:\\sts\\projects\\ando\\src\\hooks\\useLookbookImages.ts": {"path":"C:\\sts\\projects\\ando\\src\\hooks\\useLookbookImages.ts","all":false,"statementMap":{"0":{"start":{"line":1,"column":0},"end":{"line":1,"column":78}},"16":{"start":{"line":17,"column":0},"end":{"line":17,"column":59}},"17":{"start":{"line":18,"column":0},"end":{"line":18,"column":53}},"18":{"start":{"line":19,"column":0},"end":{"line":19,"column":47}},"20":{"start":{"line":21,"column":0},"end":{"line":21,"column":57}},"21":{"start":{"line":22,"column":0},"end":{"line":22,"column":19}},"22":{"start":{"line":23,"column":0},"end":{"line":23,"column":44}},"23":{"start":{"line":24,"column":0},"end":{"line":24,"column":26}},"24":{"start":{"line":25,"column":0},"end":{"line":25,"column":26}},"25":{"start":{"line":26,"column":0},"end":{"line":26,"column":32}},"26":{"start":{"line":27,"column":0},"end":{"line":27,"column":20}},"27":{"start":{"line":28,"column":0},"end":{"line":28,"column":53}},"29":{"start":{"line":30,"column":0},"end":{"line":30,"column":21}},"30":{"start":{"line":31,"column":0},"end":{"line":31,"column":48}},"31":{"start":{"line":32,"column":0},"end":{"line":32,"column":7}},"33":{"start":{"line":34,"column":0},"end":{"line":34,"column":42}},"35":{"start":{"line":36,"column":0},"end":{"line":36,"column":29}},"36":{"start":{"line":37,"column":0},"end":{"line":37,"column":37}},"37":{"start":{"line":38,"column":0},"end":{"line":38,"column":6}},"38":{"start":{"line":39,"column":0},"end":{"line":39,"column":5}},"39":{"start":{"line":40,"column":0},"end":{"line":40,"column":2}},"41":{"start":{"line":42,"column":0},"end":{"line":42,"column":45}},"42":{"start":{"line":43,"column":0},"end":{"line":43,"column":39}},"44":{"start":{"line":45,"column":0},"end":{"line":45,"column":22}},"45":{"start":{"line":46,"column":0},"end":{"line":46,"column":76}},"46":{"start":{"line":47,"column":0},"end":{"line":47,"column":44}},"47":{"start":{"line":48,"column":0},"end":{"line":48,"column":32}},"48":{"start":{"line":49,"column":0},"end":{"line":49,"column":22}},"49":{"start":{"line":50,"column":0},"end":{"line":50,"column":17}},"50":{"start":{"line":51,"column":0},"end":{"line":51,"column":18}},"52":{"start":{"line":53,"column":0},"end":{"line":53,"column":29}},"53":{"start":{"line":54,"column":0},"end":{"line":54,"column":18}},"54":{"start":{"line":55,"column":0},"end":{"line":55,"column":6}},"55":{"start":{"line":56,"column":0},"end":{"line":56,"column":22}},"56":{"start":{"line":57,"column":0},"end":{"line":57,"column":71}},"57":{"start":{"line":58,"column":0},"end":{"line":58,"column":45}},"58":{"start":{"line":59,"column":0},"end":{"line":59,"column":6}},"59":{"start":{"line":60,"column":0},"end":{"line":60,"column":25}},"60":{"start":{"line":61,"column":0},"end":{"line":61,"column":33}},"61":{"start":{"line":62,"column":0},"end":{"line":62,"column":6}},"62":{"start":{"line":63,"column":0},"end":{"line":63,"column":5}},"63":{"start":{"line":64,"column":0},"end":{"line":64,"column":2}},"65":{"start":{"line":66,"column":0},"end":{"line":66,"column":45}},"66":{"start":{"line":67,"column":0},"end":{"line":67,"column":39}},"68":{"start":{"line":69,"column":0},"end":{"line":69,"column":22}},"69":{"start":{"line":70,"column":0},"end":{"line":70,"column":88}},"70":{"start":{"line":71,"column":0},"end":{"line":71,"column":44}},"71":{"start":{"line":72,"column":0},"end":{"line":72,"column":32}},"72":{"start":{"line":73,"column":0},"end":{"line":73,"column":24}},"73":{"start":{"line":74,"column":0},"end":{"line":74,"column":21}},"74":{"start":{"line":75,"column":0},"end":{"line":75,"column":17}},"75":{"start":{"line":76,"column":0},"end":{"line":76,"column":18}},"77":{"start":{"line":78,"column":0},"end":{"line":78,"column":29}},"78":{"start":{"line":79,"column":0},"end":{"line":79,"column":18}},"79":{"start":{"line":80,"column":0},"end":{"line":80,"column":6}},"80":{"start":{"line":81,"column":0},"end":{"line":81,"column":22}},"81":{"start":{"line":82,"column":0},"end":{"line":82,"column":71}},"82":{"start":{"line":83,"column":0},"end":{"line":83,"column":45}},"83":{"start":{"line":84,"column":0},"end":{"line":84,"column":6}},"84":{"start":{"line":85,"column":0},"end":{"line":85,"column":25}},"85":{"start":{"line":86,"column":0},"end":{"line":86,"column":33}},"86":{"start":{"line":87,"column":0},"end":{"line":87,"column":6}},"87":{"start":{"line":88,"column":0},"end":{"line":88,"column":5}},"88":{"start":{"line":89,"column":0},"end":{"line":89,"column":2}},"90":{"start":{"line":91,"column":0},"end":{"line":91,"column":45}},"91":{"start":{"line":92,"column":0},"end":{"line":92,"column":39}},"93":{"start":{"line":94,"column":0},"end":{"line":94,"column":22}},"94":{"start":{"line":95,"column":0},"end":{"line":95,"column":39}},"95":{"start":{"line":96,"column":0},"end":{"line":96,"column":38}},"96":{"start":{"line":97,"column":0},"end":{"line":97,"column":32}},"97":{"start":{"line":98,"column":0},"end":{"line":98,"column":17}},"98":{"start":{"line":99,"column":0},"end":{"line":99,"column":22}},"100":{"start":{"line":101,"column":0},"end":{"line":101,"column":29}},"101":{"start":{"line":102,"column":0},"end":{"line":102,"column":6}},"102":{"start":{"line":103,"column":0},"end":{"line":103,"column":22}},"103":{"start":{"line":104,"column":0},"end":{"line":104,"column":71}},"104":{"start":{"line":105,"column":0},"end":{"line":105,"column":43}},"105":{"start":{"line":106,"column":0},"end":{"line":106,"column":6}},"106":{"start":{"line":107,"column":0},"end":{"line":107,"column":25}},"107":{"start":{"line":108,"column":0},"end":{"line":108,"column":33}},"108":{"start":{"line":109,"column":0},"end":{"line":109,"column":6}},"109":{"start":{"line":110,"column":0},"end":{"line":110,"column":5}},"110":{"start":{"line":111,"column":0},"end":{"line":111,"column":2}}},"s":{"0":1,"16":1,"17":1,"18":1,"20":1,"21":44,"22":44,"23":44,"24":27,"25":27,"26":27,"27":27,"29":27,"30":13,"31":13,"33":27,"35":27,"36":24,"37":24,"38":44,"39":44,"41":1,"42":14,"44":14,"45":14,"46":12,"47":12,"48":12,"49":12,"50":12,"52":12,"53":10,"54":10,"55":14,"56":10,"57":10,"58":10,"59":14,"60":2,"61":2,"62":14,"63":14,"65":1,"66":20,"68":20,"69":20,"70":14,"71":14,"72":14,"73":14,"74":14,"75":14,"77":14,"78":12,"79":12,"80":20,"81":12,"82":12,"83":12,"84":20,"85":2,"86":2,"87":20,"88":20,"90":1,"91":11,"93":11,"94":11,"95":8,"96":8,"97":8,"98":8,"100":8,"101":8,"102":11,"103":5,"104":5,"105":5,"106":11,"107":3,"108":3,"109":11,"110":11},"branchMap":{"0":{"type":"branch","line":21,"loc":{"start":{"line":21,"column":33},"end":{"line":40,"column":2}},"locations":[{"start":{"line":21,"column":33},"end":{"line":40,"column":2}}]},"1":{"type":"branch","line":24,"loc":{"start":{"line":24,"column":13},"end":{"line":38,"column":6}},"locations":[{"start":{"line":24,"column":13},"end":{"line":38,"column":6}}]},"2":{"type":"branch","line":30,"loc":{"start":{"line":30,"column":20},"end":{"line":32,"column":7}},"locations":[{"start":{"line":30,"column":20},"end":{"line":32,"column":7}}]},"3":{"type":"branch","line":36,"loc":{"start":{"line":36,"column":17},"end":{"line":36,"column":29}},"locations":[{"start":{"line":36,"column":17},"end":{"line":36,"column":29}}]},"4":{"type":"branch","line":36,"loc":{"start":{"line":36,"column":23},"end":{"line":38,"column":6}},"locations":[{"start":{"line":36,"column":23},"end":{"line":38,"column":6}}]},"5":{"type":"branch","line":42,"loc":{"start":{"line":42,"column":38},"end":{"line":64,"column":2}},"locations":[{"start":{"line":42,"column":38},"end":{"line":64,"column":2}}]},"6":{"type":"branch","line":46,"loc":{"start":{"line":46,"column":16},"end":{"line":55,"column":6}},"locations":[{"start":{"line":46,"column":16},"end":{"line":55,"column":6}}]},"7":{"type":"branch","line":53,"loc":{"start":{"line":53,"column":17},"end":{"line":53,"column":29}},"locations":[{"start":{"line":53,"column":17},"end":{"line":53,"column":29}}]},"8":{"type":"branch","line":53,"loc":{"start":{"line":53,"column":23},"end":{"line":55,"column":6}},"locations":[{"start":{"line":53,"column":23},"end":{"line":55,"column":6}}]},"9":{"type":"branch","line":56,"loc":{"start":{"line":56,"column":15},"end":{"line":59,"column":6}},"locations":[{"start":{"line":56,"column":15},"end":{"line":59,"column":6}}]},"10":{"type":"branch","line":60,"loc":{"start":{"line":60,"column":13},"end":{"line":62,"column":6}},"locations":[{"start":{"line":60,"column":13},"end":{"line":62,"column":6}}]},"11":{"type":"branch","line":66,"loc":{"start":{"line":66,"column":38},"end":{"line":89,"column":2}},"locations":[{"start":{"line":66,"column":38},"end":{"line":89,"column":2}}]},"12":{"type":"branch","line":70,"loc":{"start":{"line":70,"column":16},"end":{"line":80,"column":6}},"locations":[{"start":{"line":70,"column":16},"end":{"line":80,"column":6}}]},"13":{"type":"branch","line":78,"loc":{"start":{"line":78,"column":17},"end":{"line":78,"column":29}},"locations":[{"start":{"line":78,"column":17},"end":{"line":78,"column":29}}]},"14":{"type":"branch","line":78,"loc":{"start":{"line":78,"column":23},"end":{"line":80,"column":6}},"locations":[{"start":{"line":78,"column":23},"end":{"line":80,"column":6}}]},"15":{"type":"branch","line":81,"loc":{"start":{"line":81,"column":15},"end":{"line":84,"column":6}},"locations":[{"start":{"line":81,"column":15},"end":{"line":84,"column":6}}]},"16":{"type":"branch","line":85,"loc":{"start":{"line":85,"column":13},"end":{"line":87,"column":6}},"locations":[{"start":{"line":85,"column":13},"end":{"line":87,"column":6}}]},"17":{"type":"branch","line":91,"loc":{"start":{"line":91,"column":38},"end":{"line":111,"column":2}},"locations":[{"start":{"line":91,"column":38},"end":{"line":111,"column":2}}]},"18":{"type":"branch","line":95,"loc":{"start":{"line":95,"column":16},"end":{"line":102,"column":6}},"locations":[{"start":{"line":95,"column":16},"end":{"line":102,"column":6}}]},"19":{"type":"branch","line":101,"loc":{"start":{"line":101,"column":17},"end":{"line":101,"column":29}},"locations":[{"start":{"line":101,"column":17},"end":{"line":101,"column":29}}]},"20":{"type":"branch","line":103,"loc":{"start":{"line":103,"column":15},"end":{"line":106,"column":6}},"locations":[{"start":{"line":103,"column":15},"end":{"line":106,"column":6}}]},"21":{"type":"branch","line":107,"loc":{"start":{"line":107,"column":13},"end":{"line":109,"column":6}},"locations":[{"start":{"line":107,"column":13},"end":{"line":109,"column":6}}]}},"b":{"0":[44],"1":[27],"2":[13],"3":[3],"4":[24],"5":[14],"6":[12],"7":[2],"8":[10],"9":[10],"10":[2],"11":[20],"12":[14],"13":[2],"14":[12],"15":[12],"16":[2],"17":[11],"18":[8],"19":[3],"20":[5],"21":[3]},"fnMap":{"0":{"name":"useLookbookImages","decl":{"start":{"line":21,"column":33},"end":{"line":40,"column":2}},"loc":{"start":{"line":21,"column":33},"end":{"line":40,"column":2}},"line":21},"1":{"name":"queryFn","decl":{"start":{"line":24,"column":13},"end":{"line":38,"column":6}},"loc":{"start":{"line":24,"column":13},"end":{"line":38,"column":6}},"line":24},"2":{"name":"useCreateLookbookImage","decl":{"start":{"line":42,"column":38},"end":{"line":64,"column":2}},"loc":{"start":{"line":42,"column":38},"end":{"line":64,"column":2}},"line":42},"3":{"name":"mutationFn","decl":{"start":{"line":46,"column":16},"end":{"line":55,"column":6}},"loc":{"start":{"line":46,"column":16},"end":{"line":55,"column":6}},"line":46},"4":{"name":"onSuccess","decl":{"start":{"line":56,"column":15},"end":{"line":59,"column":6}},"loc":{"start":{"line":56,"column":15},"end":{"line":59,"column":6}},"line":56},"5":{"name":"onError","decl":{"start":{"line":60,"column":13},"end":{"line":62,"column":6}},"loc":{"start":{"line":60,"column":13},"end":{"line":62,"column":6}},"line":60},"6":{"name":"useUpdateLookbookImage","decl":{"start":{"line":66,"column":38},"end":{"line":89,"column":2}},"loc":{"start":{"line":66,"column":38},"end":{"line":89,"column":2}},"line":66},"7":{"name":"mutationFn","decl":{"start":{"line":70,"column":16},"end":{"line":80,"column":6}},"loc":{"start":{"line":70,"column":16},"end":{"line":80,"column":6}},"line":70},"8":{"name":"onSuccess","decl":{"start":{"line":81,"column":15},"end":{"line":84,"column":6}},"loc":{"start":{"line":81,"column":15},"end":{"line":84,"column":6}},"line":81},"9":{"name":"onError","decl":{"start":{"line":85,"column":13},"end":{"line":87,"column":6}},"loc":{"start":{"line":85,"column":13},"end":{"line":87,"column":6}},"line":85},"10":{"name":"useDeleteLookbookImage","decl":{"start":{"line":91,"column":38},"end":{"line":111,"column":2}},"loc":{"start":{"line":91,"column":38},"end":{"line":111,"column":2}},"line":91},"11":{"name":"mutationFn","decl":{"start":{"line":95,"column":16},"end":{"line":102,"column":6}},"loc":{"start":{"line":95,"column":16},"end":{"line":102,"column":6}},"line":95},"12":{"name":"onSuccess","decl":{"start":{"line":103,"column":15},"end":{"line":106,"column":6}},"loc":{"start":{"line":103,"column":15},"end":{"line":106,"column":6}},"line":103},"13":{"name":"onError","decl":{"start":{"line":107,"column":13},"end":{"line":109,"column":6}},"loc":{"start":{"line":107,"column":13},"end":{"line":109,"column":6}},"line":107}},"f":{"0":44,"1":27,"2":14,"3":12,"4":10,"5":2,"6":20,"7":14,"8":12,"9":2,"10":11,"11":8,"12":5,"13":3}}
,"C:\\sts\\projects\\ando\\src\\hooks\\useLookbookSeasons.ts": {"path":"C:\\sts\\projects\\ando\\src\\hooks\\useLookbookSeasons.ts","all":false,"statementMap":{"0":{"start":{"line":1,"column":0},"end":{"line":1,"column":58}},"17":{"start":{"line":18,"column":0},"end":{"line":18,"column":34}},"18":{"start":{"line":19,"column":0},"end":{"line":19,"column":65}},"19":{"start":{"line":20,"column":0},"end":{"line":20,"column":32}},"20":{"start":{"line":21,"column":0},"end":{"line":21,"column":31}},"21":{"start":{"line":22,"column":0},"end":{"line":22,"column":13}},"22":{"start":{"line":23,"column":0},"end":{"line":23,"column":28}},"23":{"start":{"line":24,"column":0},"end":{"line":24,"column":30}},"24":{"start":{"line":25,"column":0},"end":{"line":25,"column":28}},"25":{"start":{"line":26,"column":0},"end":{"line":26,"column":4}},"26":{"start":{"line":27,"column":0},"end":{"line":27,"column":56}},"27":{"start":{"line":28,"column":0},"end":{"line":28,"column":3}},"29":{"start":{"line":30,"column":0},"end":{"line":30,"column":62}},"30":{"start":{"line":31,"column":0},"end":{"line":31,"column":63}},"31":{"start":{"line":32,"column":0},"end":{"line":32,"column":70}},"32":{"start":{"line":33,"column":0},"end":{"line":33,"column":70}},"33":{"start":{"line":34,"column":0},"end":{"line":34,"column":70}}},"s":{"0":1,"17":1,"18":1,"19":1,"20":1,"21":1,"22":1,"23":1,"24":1,"25":1,"26":1,"27":1,"29":1,"30":1,"31":1,"32":1,"33":1},"branchMap":{},"b":{},"fnMap":{},"f":{}}
,"C:\\sts\\projects\\ando\\src\\hooks\\usePageTracking.ts": {"path":"C:\\sts\\projects\\ando\\src\\hooks\\usePageTracking.ts","all":false,"statementMap":{"0":{"start":{"line":1,"column":0},"end":{"line":1,"column":34}},"4":{"start":{"line":5,"column":0},"end":{"line":5,"column":38}},"5":{"start":{"line":6,"column":0},"end":{"line":6,"column":33}},"7":{"start":{"line":8,"column":0},"end":{"line":8,"column":19}},"8":{"start":{"line":9,"column":0},"end":{"line":9,"column":18}},"9":{"start":{"line":10,"column":0},"end":{"line":10,"column":17}},"10":{"start":{"line":11,"column":0},"end":{"line":11,"column":2}}},"s":{"0":1,"4":1,"5":24,"7":24,"8":23,"9":24,"10":24},"branchMap":{"0":{"type":"branch","line":5,"loc":{"start":{"line":5,"column":31},"end":{"line":11,"column":2}},"locations":[{"start":{"line":5,"column":31},"end":{"line":11,"column":2}}]},"1":{"type":"branch","line":8,"loc":{"start":{"line":8,"column":12},"end":{"line":10,"column":5}},"locations":[{"start":{"line":8,"column":12},"end":{"line":10,"column":5}}]}},"b":{"0":[24],"1":[23]},"fnMap":{"0":{"name":"usePageTracking","decl":{"start":{"line":5,"column":31},"end":{"line":11,"column":2}},"loc":{"start":{"line":5,"column":31},"end":{"line":11,"column":2}},"line":5}},"f":{"0":24}}
,"C:\\sts\\projects\\ando\\src\\hooks\\useProducts.ts": {"path":"C:\\sts\\projects\\ando\\src\\hooks\\useProducts.ts","all":false,"statementMap":{"0":{"start":{"line":1,"column":0},"end":{"line":1,"column":49}},"16":{"start":{"line":17,"column":0},"end":{"line":17,"column":58}},"17":{"start":{"line":18,"column":0},"end":{"line":18,"column":19}},"18":{"start":{"line":19,"column":0},"end":{"line":19,"column":36}},"19":{"start":{"line":20,"column":0},"end":{"line":20,"column":26}},"20":{"start":{"line":21,"column":0},"end":{"line":21,"column":26}},"21":{"start":{"line":22,"column":0},"end":{"line":22,"column":25}},"22":{"start":{"line":23,"column":0},"end":{"line":23,"column":17}},"30":{"start":{"line":31,"column":0},"end":{"line":31,"column":10}},"31":{"start":{"line":32,"column":0},"end":{"line":32,"column":52}},"32":{"start":{"line":33,"column":0},"end":{"line":33,"column":88}},"34":{"start":{"line":35,"column":0},"end":{"line":35,"column":32}},"35":{"start":{"line":36,"column":0},"end":{"line":36,"column":60}},"36":{"start":{"line":37,"column":0},"end":{"line":37,"column":7}},"38":{"start":{"line":39,"column":0},"end":{"line":39,"column":28}},"39":{"start":{"line":40,"column":0},"end":{"line":40,"column":51}},"40":{"start":{"line":41,"column":0},"end":{"line":41,"column":7}},"42":{"start":{"line":43,"column":0},"end":{"line":43,"column":28}},"43":{"start":{"line":44,"column":0},"end":{"line":44,"column":42}},"44":{"start":{"line":45,"column":0},"end":{"line":45,"column":7}},"46":{"start":{"line":47,"column":0},"end":{"line":47,"column":27}},"47":{"start":{"line":48,"column":0},"end":{"line":48,"column":41}},"48":{"start":{"line":49,"column":0},"end":{"line":49,"column":7}},"50":{"start":{"line":51,"column":0},"end":{"line":51,"column":44}},"51":{"start":{"line":52,"column":0},"end":{"line":52,"column":53}},"52":{"start":{"line":53,"column":0},"end":{"line":53,"column":7}},"54":{"start":{"line":55,"column":0},"end":{"line":55,"column":44}},"55":{"start":{"line":56,"column":0},"end":{"line":56,"column":53}},"56":{"start":{"line":57,"column":0},"end":{"line":57,"column":7}},"58":{"start":{"line":59,"column":0},"end":{"line":59,"column":42}},"60":{"start":{"line":61,"column":0},"end":{"line":61,"column":29}},"62":{"start":{"line":63,"column":0},"end":{"line":63,"column":41}},"63":{"start":{"line":64,"column":0},"end":{"line":64,"column":36}},"65":{"start":{"line":66,"column":0},"end":{"line":66,"column":63}},"66":{"start":{"line":67,"column":0},"end":{"line":67,"column":54}},"67":{"start":{"line":68,"column":0},"end":{"line":68,"column":75}},"69":{"start":{"line":70,"column":0},"end":{"line":70,"column":7}},"71":{"start":{"line":72,"column":0},"end":{"line":72,"column":57}},"72":{"start":{"line":73,"column":0},"end":{"line":73,"column":53}},"73":{"start":{"line":74,"column":0},"end":{"line":74,"column":38}},"74":{"start":{"line":75,"column":0},"end":{"line":75,"column":91}},"76":{"start":{"line":77,"column":0},"end":{"line":77,"column":7}},"78":{"start":{"line":79,"column":0},"end":{"line":79,"column":55}},"79":{"start":{"line":80,"column":0},"end":{"line":80,"column":55}},"80":{"start":{"line":81,"column":0},"end":{"line":81,"column":84}},"81":{"start":{"line":82,"column":0},"end":{"line":82,"column":87}},"82":{"start":{"line":83,"column":0},"end":{"line":83,"column":78}},"83":{"start":{"line":84,"column":0},"end":{"line":84,"column":73}},"84":{"start":{"line":85,"column":0},"end":{"line":85,"column":11}},"85":{"start":{"line":86,"column":0},"end":{"line":86,"column":39}},"86":{"start":{"line":87,"column":0},"end":{"line":87,"column":43}},"87":{"start":{"line":88,"column":0},"end":{"line":88,"column":90}},"88":{"start":{"line":89,"column":0},"end":{"line":89,"column":11}},"89":{"start":{"line":90,"column":0},"end":{"line":90,"column":7}},"91":{"start":{"line":92,"column":0},"end":{"line":92,"column":26}},"92":{"start":{"line":93,"column":0},"end":{"line":93,"column":6}},"93":{"start":{"line":94,"column":0},"end":{"line":94,"column":5}},"94":{"start":{"line":95,"column":0},"end":{"line":95,"column":2}},"96":{"start":{"line":97,"column":0},"end":{"line":97,"column":40}},"97":{"start":{"line":98,"column":0},"end":{"line":98,"column":19}},"98":{"start":{"line":99,"column":0},"end":{"line":99,"column":34}},"99":{"start":{"line":100,"column":0},"end":{"line":100,"column":26}},"100":{"start":{"line":101,"column":0},"end":{"line":101,"column":44}},"101":{"start":{"line":102,"column":0},"end":{"line":102,"column":25}},"102":{"start":{"line":103,"column":0},"end":{"line":103,"column":87}},"104":{"start":{"line":105,"column":0},"end":{"line":105,"column":29}},"106":{"start":{"line":107,"column":0},"end":{"line":107,"column":42}},"107":{"start":{"line":108,"column":0},"end":{"line":108,"column":39}},"108":{"start":{"line":109,"column":0},"end":{"line":109,"column":38}},"109":{"start":{"line":110,"column":0},"end":{"line":110,"column":30}},"110":{"start":{"line":111,"column":0},"end":{"line":111,"column":23}},"112":{"start":{"line":113,"column":0},"end":{"line":113,"column":31}},"113":{"start":{"line":114,"column":0},"end":{"line":114,"column":62}},"114":{"start":{"line":115,"column":0},"end":{"line":115,"column":39}},"115":{"start":{"line":116,"column":0},"end":{"line":116,"column":81}},"116":{"start":{"line":117,"column":0},"end":{"line":117,"column":9}},"117":{"start":{"line":118,"column":0},"end":{"line":118,"column":65}},"118":{"start":{"line":119,"column":0},"end":{"line":119,"column":82}},"119":{"start":{"line":120,"column":0},"end":{"line":120,"column":59}},"121":{"start":{"line":122,"column":0},"end":{"line":122,"column":25}},"122":{"start":{"line":123,"column":0},"end":{"line":123,"column":51}},"123":{"start":{"line":124,"column":0},"end":{"line":124,"column":60}},"124":{"start":{"line":125,"column":0},"end":{"line":125,"column":41}},"125":{"start":{"line":126,"column":0},"end":{"line":126,"column":13}},"126":{"start":{"line":127,"column":0},"end":{"line":127,"column":45}},"127":{"start":{"line":128,"column":0},"end":{"line":128,"column":39}},"128":{"start":{"line":129,"column":0},"end":{"line":129,"column":77}},"129":{"start":{"line":130,"column":0},"end":{"line":130,"column":9}},"131":{"start":{"line":132,"column":0},"end":{"line":132,"column":28}},"132":{"start":{"line":133,"column":0},"end":{"line":133,"column":63}},"133":{"start":{"line":134,"column":0},"end":{"line":134,"column":63}},"134":{"start":{"line":135,"column":0},"end":{"line":135,"column":9}},"135":{"start":{"line":136,"column":0},"end":{"line":136,"column":9}},"137":{"start":{"line":138,"column":0},"end":{"line":138,"column":14}},"138":{"start":{"line":139,"column":0},"end":{"line":139,"column":48}},"139":{"start":{"line":140,"column":0},"end":{"line":140,"column":42}},"140":{"start":{"line":141,"column":0},"end":{"line":141,"column":44}},"141":{"start":{"line":142,"column":0},"end":{"line":142,"column":80}},"142":{"start":{"line":143,"column":0},"end":{"line":143,"column":8}},"143":{"start":{"line":144,"column":0},"end":{"line":144,"column":6}},"144":{"start":{"line":145,"column":0},"end":{"line":145,"column":5}},"145":{"start":{"line":146,"column":0},"end":{"line":146,"column":2}},"147":{"start":{"line":148,"column":0},"end":{"line":148,"column":45}},"148":{"start":{"line":149,"column":0},"end":{"line":149,"column":19}},"149":{"start":{"line":150,"column":0},"end":{"line":150,"column":32}},"150":{"start":{"line":151,"column":0},"end":{"line":151,"column":26}},"151":{"start":{"line":152,"column":0},"end":{"line":152,"column":44}},"152":{"start":{"line":153,"column":0},"end":{"line":153,"column":25}},"153":{"start":{"line":154,"column":0},"end":{"line":154,"column":17}},"166":{"start":{"line":167,"column":0},"end":{"line":167,"column":10}},"167":{"start":{"line":168,"column":0},"end":{"line":168,"column":25}},"168":{"start":{"line":169,"column":0},"end":{"line":169,"column":87}},"169":{"start":{"line":170,"column":0},"end":{"line":170,"column":18}},"171":{"start":{"line":172,"column":0},"end":{"line":172,"column":29}},"172":{"start":{"line":173,"column":0},"en
[...]
ne":125,"column":41}},"locations":[{"start":{"line":125,"column":25},"end":{"line":125,"column":41}}]},"59":{"type":"branch","line":129,"loc":{"start":{"line":129,"column":42},"end":{"line":129,"column":77}},"locations":[{"start":{"line":129,"column":42},"end":{"line":129,"column":77}}]},"60":{"type":"branch","line":148,"loc":{"start":{"line":148,"column":26},"end":{"line":177,"column":2}},"locations":[{"start":{"line":148,"column":26},"end":{"line":177,"column":2}}]},"61":{"type":"branch","line":151,"loc":{"start":{"line":151,"column":13},"end":{"line":174,"column":6}},"locations":[{"start":{"line":151,"column":13},"end":{"line":174,"column":6}}]},"62":{"type":"branch","line":172,"loc":{"start":{"line":172,"column":17},"end":{"line":172,"column":29}},"locations":[{"start":{"line":172,"column":17},"end":{"line":172,"column":29}}]},"63":{"type":"branch","line":172,"loc":{"start":{"line":172,"column":23},"end":{"line":174,"column":6}},"locations":[{"start":{"line":172,"column":23},"end":{"line":174,"column":6}}]},"64":{"type":"branch","line":179,"loc":{"start":{"line":179,"column":29},"end":{"line":192,"column":2}},"locations":[{"start":{"line":179,"column":29},"end":{"line":192,"column":2}}]},"65":{"type":"branch","line":182,"loc":{"start":{"line":182,"column":13},"end":{"line":190,"column":6}},"locations":[{"start":{"line":182,"column":13},"end":{"line":190,"column":6}}]},"66":{"type":"branch","line":188,"loc":{"start":{"line":188,"column":17},"end":{"line":188,"column":29}},"locations":[{"start":{"line":188,"column":17},"end":{"line":188,"column":29}}]},"67":{"type":"branch","line":188,"loc":{"start":{"line":188,"column":23},"end":{"line":190,"column":6}},"locations":[{"start":{"line":188,"column":23},"end":{"line":190,"column":6}}]}},"b":{"0":[64],"1":[32],"2":[28],"3":[4],"4":[28],"5":[2],"6":[28],"7":[2],"8":[28],"9":[2],"10":[28],"11":[3],"12":[28],"13":[3],"14":[1],"15":[31],"16":[1],"17":[28],"18":[4],"19":[3],"20":[31],"21":[28],"22":[4],"23":[3],"24":[31],"25":[28],"26":[7],"27":[6],"28":[31],"29":[5],"30":[4],"31":[4],"32":[3],"33":[3],"34":[8],"35":[5],"36":[5],"37":[3],"38":[2],"39":[5],"40":[3],"41":[3],"42":[26],"43":[13],"44":[1],"45":[12],"46":[2],"47":[10],"48":[16],"49":[14],"50":[15],"51":[1],"52":[3],"53":[13],"54":[12],"55":[14],"56":[7],"57":[6],"58":[5],"59":[4],"60":[13],"61":[6],"62":[1],"63":[5],"64":[8],"65":[4],"66":[1],"67":[3]},"fnMap":{"0":{"name":"useProducts","decl":{"start":{"line":17,"column":27},"end":{"line":95,"column":2}},"loc":{"start":{"line":17,"column":27},"end":{"line":95,"column":2}},"line":17},"1":{"name":"queryFn","decl":{"start":{"line":20,"column":13},"end":{"line":93,"column":6}},"loc":{"start":{"line":20,"column":13},"end":{"line":93,"column":6}},"line":20},"2":{"name":"useProductFilters","decl":{"start":{"line":97,"column":33},"end":{"line":146,"column":2}},"loc":{"start":{"line":97,"column":33},"end":{"line":146,"column":2}},"line":97},"3":{"name":"queryFn","decl":{"start":{"line":100,"column":13},"end":{"line":144,"column":6}},"loc":{"start":{"line":100,"column":13},"end":{"line":144,"column":6}},"line":100},"4":{"name":"useProduct","decl":{"start":{"line":148,"column":26},"end":{"line":177,"column":2}},"loc":{"start":{"line":148,"column":26},"end":{"line":177,"column":2}},"line":148},"5":{"name":"queryFn","decl":{"start":{"line":151,"column":13},"end":{"line":174,"column":6}},"loc":{"start":{"line":151,"column":13},"end":{"line":174,"column":6}},"line":151},"6":{"name":"useCategories","decl":{"start":{"line":179,"column":29},"end":{"line":192,"column":2}},"loc":{"start":{"line":179,"column":29},"end":{"line":192,"column":2}},"line":179},"7":{"name":"queryFn","decl":{"start":{"line":182,"column":13},"end":{"line":190,"column":6}},"loc":{"start":{"line":182,"column":13},"end":{"line":190,"column":6}},"line":182}},"f":{"0":64,"1":32,"2":26,"3":13,"4":13,"5":6,"6":8,"7":4}}
,"C:\\sts\\projects\\ando\\src\\hooks\\useSiteSettings.ts": {"path":"C:\\sts\\projects\\ando\\src\\hooks\\useSiteSettings.ts","all":false,"statementMap":{"0":{"start":{"line":1,"column":0},"end":{"line":1,"column":78}},"14":{"start":{"line":15,"column":0},"end":{"line":15,"column":55}},"15":{"start":{"line":16,"column":0},"end":{"line":16,"column":19}},"16":{"start":{"line":17,"column":0},"end":{"line":17,"column":42}},"17":{"start":{"line":18,"column":0},"end":{"line":18,"column":26}},"18":{"start":{"line":19,"column":0},"end":{"line":19,"column":26}},"19":{"start":{"line":20,"column":0},"end":{"line":20,"column":30}},"20":{"start":{"line":21,"column":0},"end":{"line":21,"column":20}},"21":{"start":{"line":22,"column":0},"end":{"line":22,"column":51}},"23":{"start":{"line":24,"column":0},"end":{"line":24,"column":21}},"24":{"start":{"line":25,"column":0},"end":{"line":25,"column":47}},"25":{"start":{"line":26,"column":0},"end":{"line":26,"column":7}},"27":{"start":{"line":28,"column":0},"end":{"line":28,"column":42}},"29":{"start":{"line":30,"column":0},"end":{"line":30,"column":29}},"30":{"start":{"line":31,"column":0},"end":{"line":31,"column":35}},"31":{"start":{"line":32,"column":0},"end":{"line":32,"column":6}},"32":{"start":{"line":33,"column":0},"end":{"line":33,"column":5}},"33":{"start":{"line":34,"column":0},"end":{"line":34,"column":2}},"35":{"start":{"line":36,"column":0},"end":{"line":36,"column":48}},"36":{"start":{"line":37,"column":0},"end":{"line":37,"column":19}},"37":{"start":{"line":38,"column":0},"end":{"line":38,"column":36}},"38":{"start":{"line":39,"column":0},"end":{"line":39,"column":26}},"39":{"start":{"line":40,"column":0},"end":{"line":40,"column":44}},"40":{"start":{"line":41,"column":0},"end":{"line":41,"column":30}},"41":{"start":{"line":42,"column":0},"end":{"line":42,"column":20}},"42":{"start":{"line":43,"column":0},"end":{"line":43,"column":23}},"43":{"start":{"line":44,"column":0},"end":{"line":44,"column":18}},"45":{"start":{"line":46,"column":0},"end":{"line":46,"column":29}},"46":{"start":{"line":47,"column":0},"end":{"line":47,"column":33}},"47":{"start":{"line":48,"column":0},"end":{"line":48,"column":6}},"48":{"start":{"line":49,"column":0},"end":{"line":49,"column":19}},"49":{"start":{"line":50,"column":0},"end":{"line":50,"column":5}},"50":{"start":{"line":51,"column":0},"end":{"line":51,"column":2}},"52":{"start":{"line":53,"column":0},"end":{"line":53,"column":43}},"53":{"start":{"line":54,"column":0},"end":{"line":54,"column":39}},"55":{"start":{"line":56,"column":0},"end":{"line":56,"column":22}},"56":{"start":{"line":57,"column":0},"end":{"line":57,"column":91}},"57":{"start":{"line":58,"column":0},"end":{"line":58,"column":63}},"59":{"start":{"line":60,"column":0},"end":{"line":60,"column":44}},"60":{"start":{"line":61,"column":0},"end":{"line":61,"column":30}},"61":{"start":{"line":62,"column":0},"end":{"line":62,"column":17}},"62":{"start":{"line":63,"column":0},"end":{"line":63,"column":21}},"63":{"start":{"line":64,"column":0},"end":{"line":64,"column":40}},"64":{"start":{"line":65,"column":0},"end":{"line":65,"column":10}},"65":{"start":{"line":66,"column":0},"end":{"line":66,"column":17}},"66":{"start":{"line":67,"column":0},"end":{"line":67,"column":18}},"68":{"start":{"line":69,"column":0},"end":{"line":69,"column":29}},"69":{"start":{"line":70,"column":0},"end":{"line":70,"column":18}},"70":{"start":{"line":71,"column":0},"end":{"line":71,"column":6}},"71":{"start":{"line":72,"column":0},"end":{"line":72,"column":22}},"72":{"start":{"line":73,"column":0},"end":{"line":73,"column":69}},"73":{"start":{"line":74,"column":0},"end":{"line":74,"column":41}},"74":{"start":{"line":75,"column":0},"end":{"line":75,"column":6}},"75":{"start":{"line":76,"column":0},"end":{"line":76,"column":25}},"76":{"start":{"line":77,"column":0},"end":{"line":77,"column":33}},"77":{"start":{"line":78,"column":0},"end":{"line":78,"column":6}},"78":{"start":{"line":79,"column":0},"end":{"line":79,"column":5}},"79":{"start":{"line":80,"column":0},"end":{"line":80,"column":2}},"81":{"start":{"line":82,"column":0},"end":{"line":82,"column":43}},"82":{"start":{"line":83,"column":0},"end":{"line":83,"column":39}},"84":{"start":{"line":85,"column":0},"end":{"line":85,"column":22}},"85":{"start":{"line":86,"column":0},"end":{"line":86,"column":86}},"86":{"start":{"line":87,"column":0},"end":{"line":87,"column":63}},"88":{"start":{"line":89,"column":0},"end":{"line":89,"column":44}},"89":{"start":{"line":90,"column":0},"end":{"line":90,"column":30}},"90":{"start":{"line":91,"column":0},"end":{"line":91,"column":17}},"91":{"start":{"line":92,"column":0},"end":{"line":92,"column":21}},"92":{"start":{"line":93,"column":0},"end":{"line":93,"column":40}},"93":{"start":{"line":94,"column":0},"end":{"line":94,"column":10}},"94":{"start":{"line":95,"column":0},"end":{"line":95,"column":21}},"95":{"start":{"line":96,"column":0},"end":{"line":96,"column":17}},"96":{"start":{"line":97,"column":0},"end":{"line":97,"column":18}},"98":{"start":{"line":99,"column":0},"end":{"line":99,"column":29}},"99":{"start":{"line":100,"column":0},"end":{"line":100,"column":18}},"100":{"start":{"line":101,"column":0},"end":{"line":101,"column":6}},"101":{"start":{"line":102,"column":0},"end":{"line":102,"column":22}},"102":{"start":{"line":103,"column":0},"end":{"line":103,"column":69}},"103":{"start":{"line":104,"column":0},"end":{"line":104,"column":43}},"104":{"start":{"line":105,"column":0},"end":{"line":105,"column":6}},"105":{"start":{"line":106,"column":0},"end":{"line":106,"column":25}},"106":{"start":{"line":107,"column":0},"end":{"line":107,"column":33}},"107":{"start":{"line":108,"column":0},"end":{"line":108,"column":6}},"108":{"start":{"line":109,"column":0},"end":{"line":109,"column":5}},"109":{"start":{"line":110,"column":0},"end":{"line":110,"column":2}},"111":{"start":{"line":112,"column":0},"end":{"line":112,"column":43}},"112":{"start":{"line":113,"column":0},"end":{"line":113,"column":39}},"114":{"start":{"line":115,"column":0},"end":{"line":115,"column":22}},"115":{"start":{"line":116,"column":0},"end":{"line":116,"column":39}},"116":{"start":{"line":117,"column":0},"end":{"line":117,"column":38}},"117":{"start":{"line":118,"column":0},"end":{"line":118,"column":30}},"118":{"start":{"line":119,"column":0},"end":{"line":119,"column":17}},"119":{"start":{"line":120,"column":0},"end":{"line":120,"column":22}},"121":{"start":{"line":122,"column":0},"end":{"line":122,"column":29}},"122":{"start":{"line":123,"column":0},"end":{"line":123,"column":6}},"123":{"start":{"line":124,"column":0},"end":{"line":124,"column":22}},"124":{"start":{"line":125,"column":0},"end":{"line":125,"column":69}},"125":{"start":{"line":126,"column":0},"end":{"line":126,"column":41}},"126":{"start":{"line":127,"column":0},"end":{"line":127,"column":6}},"127":{"start":{"line":128,"column":0},"end":{"line":128,"column":25}},"128":{"start":{"line":129,"column":0},"end":{"line":129,"column":33}},"129":{"start":{"line":130,"column":0},"end":{"line":130,"column":6}},"130":{"start":{"line":131,"column":0},"end":{"line":131,"column":5}},"131":{"start":{"line":132,"column":0},"end":{"line":132,"column":2}}},"s":{"0":1,"14":1,"15":16,"16":16,"17":16,"18":9,"19":9,"20":9,"21":9,"23":9,"24":3,"25":3,"27":9,"29":9,"30":7,"31":7,"32":16,"33":16,"35":1,"36":12,"37":12,"38":12,"39":6,"40":6,"41":6,"42":6,"43":6,"45":6,"46":5,"47":5,"48":12,"49":12,"50":12,"52":1,"53":8,"55":8,"56":8,"57":6,"59":6,"60":6,"61":6,"62":6,"63":6,"64":6,"65":6,"66":6,"68":6,"69":5,"70":5,"71":8,"72":5,"73":5,"74":5,"75":8,"76":1,"77":1,"78":8,"79":8,"81":1,"82":6,"84":6,"85":6,"86":6,"88":6,"89":6,"90":6,"91":6,"92":6,"93":6,"94":6,"95":6,"96":6,"98":6,"99":5,"100":5,"101":6,"102":5,"103":5,"104":5,"105":6,"106":1,"107":1,"108":6,"109":6,"111":1,"112":8,"114":8,"115":8,"116":6,"117":6,"118":6,"119":6,"121":6,"122":6,"123":8,"124":4,"125":4,"126":4,"127":8,"128":2,"129":2,"130":8,"131":8},"branchMap":{"0":{"type":"branch","line":15,"loc":{"start":{"line":15,"column":31},"end":{"line":34,"column":2}},"locations":[{"start":{"line":15,"column":31},"end":{"line":34,"column":2}}]},"1":{"type":"branch","line":18,"loc":{"start":{"line":18,"column":13},"end":{"line":32,"column":6}},"locations":[{"start":{"line":18,"column":13},"end":{"line":32,"column":6}}]},"2":{"type":"branch","line":24,"loc":{"start":{"line":24,"column":20},"end":{"line":26,"column":7}},"locations":[{"start":{"line":24,"column":20},"end":{"line":26,"column":7}}]},"3":{"type":"branch","line":30,"loc":{"start":{"line":30,"column":17},"end":{"line":30,"column":29}},"locations":[{"start":{"line":30,"column":17},"end":{"line":30,"column":29}}]},"4":{"type":"branch","line":30,"loc":{"start":{"line":30,"column":23},"end":{"line":32,"column":6}},"locations":[{"start":{"line":30,"column":23},"end":{"line":32,"column":6}}]},"5":{"type":"branch","line":36,"loc":{"start":{"line":36,"column":30},"end":{"line":51,"column":2}},"locations":[{"start":{"line":36,"column":30},"end":{"line":51,"column":2}}]},"6":{"type":"branch","line":39,"loc":{"start":{"line":39,"column":13},"end":{"line":48,"column":6}},"locations":[{"start":{"line":39,"column":13},"end":{"line":48,"column":6}}]},"7":{"type":"branch","line":46,"loc":{"start":{"line":46,"column":17},"end":{"line":46,"column":29}},"locations":[{"start":{"line":46,"column":17},"end":{"line":46,"column":29}}]},"8":{"type":"branch","line":46,"loc":{"start":{"line":46,"column":23},"end":{"line":48,"column":6}},"locations":[{"start":{"line":46,"column":23},"end":{"line":48,"column":6}}]},"9":{"type":"branch","line":53,"loc":{"start":{"line":53,"column":36},"end":{"line":80,"column":2}},"locations":[{"start":{"line":53,"column":36},"end":{"line":80,"column":2}}]},"10":{"type":"branch","line":57,"loc":{"start":{"line":57,"column":16},"end":{"line":71,"column":6}},"locations":[{"start":{"line":57,"column":16},"end":{"line":71,"column":6}}]},"11":{"type":"branch","line":64,"loc":{"start":{"line":64,"column":35},"end":{"line":64,"column":40}},"locations":[{"start":{"line":64,"column":35},"end":{"line":64,"column":40}}]},"12":{"type":"branch","line":69,"loc":{"start":{"line":69,"column":17},"end":{"line":69,"column":29}},"locations":[{"start":{"line":69,"column":17},"end":{"line":69,"column":29}}]},"13":{"type":"branch","line":69,"loc":{"start":{"line":69,"column":23},"end":{"line":71,"column":6}},"locations":[{"start":{"line":69,"column":23},"end":{"line":71,"column":6}}]},"14":{"type":"branch","line":72,"loc":{"start":{"line":72,"column":15},"end":{"line":75,"column":6}},"locations":[{"start":{"line":72,"column":15},"end":{"line":75,"column":6}}]},"15":{"type":"branch","line":76,"loc":{"start":{"line":76,"column":13},"end":{"line":78,"column":6}},"locations":[{"start":{"line":76,"column":13},"end":{"line":78,"column":6}}]},"16":{"type":"branch","line":82,"loc":{"start":{"line":82,"column":36},"end":{"line":110,"column":2}},"locations":[{"start":{"line":82,"column":36},"end":{"line":110,"column":2}}]},"17":{"type":"branch","line":86,"loc":{"start":{"line":86,"column":16},"end":{"line":101,"column":6}},"locations":[{"start":{"line":86,"column":16},"end":{"line":101,"column":6}}]},"18":{"type":"branch","line":99,"loc":{"start":{"line":99,"column":17},"end":{"line":99,"column":29}},"locations":[{"start":{"line":99,"column":17},"end":{"line":99,"column":29}}]},"19":{"type":"branch","line":99,"loc":{"start":{"line":99,"column":23},"end":{"line":101,"column":6}},"locations":[{"start":{"line":99,"column":23},"end":{"line":101,"column":6}}]},"20":{"type":"branch","line":102,"loc":{"start":{"line":102,"column":15},"end":{"line":105,"column":6}},"locations":[{"start":{"line":102,"column":15},"end":{"line":105,"column":6}}]},"21":{"type":"branch","line":106,"loc":{"start":{"line":106,"column":13},"end":{"line":108,"column":6}},"locations":[{"start":{"line":106,"column":13},"end":{"line":108,"column":6}}]},"22":{"type":"branch","line":112,"loc":{"start":{"line":112,"column":36},"end":{"line":132,"column":2}},"locations":[{"start":{"line":112,"column":36},"end":{"line":132,"column":2}}]},"23":{"type":"branch","line":116,"loc":{"start":{"line":116,"column":16},"end":{"line":123,"column":6}},"locations":[{"start":{"line":116,"column":16},"end":{"line":123,"column":6}}]},"24":{"type":"branch","line":122,"loc":{"start":{"line":122,"column":17},"end":{"line":122,"column":29}},"locations":[{"start":{"line":122,"column":17},"end":{"line":122,"column":29}}]},"25":{"type":"branch","line":124,"loc":{"start":{"line":124,"column":15},"end":{"line":127,"column":6}},"locations":[{"start":{"line":124,"column":15},"end":{"line":127,"column":6}}]},"26":{"type":"branch","line":128,"loc":{"start":{"line":128,"column":13},"end":{"line":130,"column":6}},"locations":[{"start":{"line":128,"column":13},"end":{"line":130,"column":6}}]}},"b":{"0":[16],"1":[9],"2":[3],"3":[2],"4":[7],"5":[12],"6":[6],"7":[1],"8":[5],"9":[8],"10":[6],"11":[5],"12":[1],"13":[5],"14":[5],"15":[1],"16":[6],"17":[6],"18":[1],"19":[5],"20":[5],"21":[1],"22":[8],"23":[6],"24":[2],"25":[4],"26":[2]},"fnMap":{"0":{"name":"useSiteSettings","decl":{"start":{"line":15,"column":31},"end":{"line":34,"column":2}},"loc":{"start":{"line":15,"column":31},"end":{"line":34,"column":2}},"line":15},"1":{"name":"queryFn","decl":{"start":{"line":18,"column":13},"end":{"line":32,"column":6}},"loc":{"start":{"line":18,"column":13},"end":{"line":32,"column":6}},"line":18},"2":{"name":"useSiteSetting","decl":{"start":{"line":36,"column":30},"end":{"line":51,"column":2}},"loc":{"start":{"line":36,"column":30},"end":{"line":51,"column":2}},"line":36},"3":{"name":"queryFn","decl":{"start":{"line":39,"column":13},"end":{"line":48,"column":6}},"loc":{"start":{"line":39,"column":13},"end":{"line":48,"column":6}},"line":39},"4":{"name":"useCreateSiteSetting","decl":{"start":{"line":53,"column":36},"end":{"line":80,"column":2}},"loc":{"start":{"line":53,"column":36},"end":{"line":80,"column":2}},"line":53},"5":{"name":"mutationFn","decl":{"start":{"line":57,"column":16},"end":{"line":71,"column":6}},"loc":{"start":{"line":57,"column":16},"end":{"line":71,"column":6}},"line":57},"6":{"name":"onSuccess","decl":{"start":{"line":72,"column":15},"end":{"line":75,"column":6}},"loc":{"start":{"line":72,"column":15},"end":{"line":75,"column":6}},"line":72},"7":{"name":"onError","decl":{"start":{"line":76,"column":13},"end":{"line":78,"column":6}},"loc":{"start":{"line":76,"column":13},"end":{"line":78,"column":6}},"line":76},"8":{"name":"useUpdateSiteSetting","decl":{"start":{"line":82,"column":36},"end":{"line":110,"column":2}},"loc":{"start":{"line":82,"column":36},"end":{"line":110,"column":2}},"line":82},"9":{"name":"mutationFn","decl":{"start":{"line":86,"column":16},"end":{"line":101,"column":6}},"loc":{"start":{"line":86,"column":16},"end":{"line":101,"column":6}},"line":86},"10":{"name":"onSuccess","decl":{"start":{"line":102,"column":15},"end":{"line":105,"column":6}},"loc":{"start":{"line":102,"column":15},"end":{"line":105,"column":6}},"line":102},"11":{"name":"onError","decl":{"start":{"line":106,"column":13},"end":{"line":108,"column":6}},"loc":{"start":{"line":106,"column":13},"end":{"line":108,"column":6}},"line":106},"12":{"name":"useDeleteSiteSetting","decl":{"start":{"line":112,"column":36},"end":{"line":132,"column":2}},"loc":{"start":{"line":112,"column":36},"end":{"line":132,"column":2}},"line":112},"13":{"name":"mutationFn","decl":{"start":{"line":116,"column":16},"end":{"line":123,"column":6}},"loc":{"start":{"line":116,"column":16},"end":{"line":123,"column":6}},"line":116},"14":{"name":"onSuccess","decl":{"start":{"line":124,"column":15},"end":{"line":127,"column":6}},"loc":{"start":{"line":124,"column":15},"end":{"line":127,"column":6}},"line":124},"15":{"name":"onError","decl":{"start":{"line":128,"column":13},"end":{"line":130,"column":6}},"loc":{"start":{"line":128,"column":13},"end":{"line":130,"column":6}},"line":128}},"f":{"0":16,"1":9,"2":12,"3":6,"4":8,"5":6,"6":5,"7":1,"8":6,"9":6,"10":5,"11":1,"12":8,"13":6,"14":4,"15":2}}
}
